Analysis & Synthesis report for Modified
Fri Oct 30 23:58:27 2020
Quartus Prime Version 19.1.0 Build 670 09/22/2019 SJ Lite Edition


---------------------
; Table of Contents ;
---------------------
  1. Legal Notice
  2. Analysis & Synthesis Summary
  3. Analysis & Synthesis Settings
  4. Parallel Compilation
  5. Analysis & Synthesis Source Files Read
  6. Analysis & Synthesis Resource Usage Summary
  7. Analysis & Synthesis Resource Utilization by Entity
  8. Analysis & Synthesis RAM Summary
  9. Analysis & Synthesis IP Cores Summary
 10. Registers Removed During Synthesis
 11. Removed Registers Triggering Further Register Optimizations
 12. General Register Statistics
 13. Inverted Register Statistics
 14. Multiplexer Restructuring Statistics (Restructuring Performed)
 15. Source assignments for IRAM:IRAM1|altsyncram:altsyncram_component|altsyncram_hdm1:auto_generated|altsyncram_6jc2:altsyncram1
 16. Parameter Settings for User Entity Instance: IRAM:IRAM1|altsyncram:altsyncram_component
 17. altsyncram Parameter Settings by Entity Instance
 18. Port Connectivity Checks: "Module_Reg:PCreg"
 19. Port Connectivity Checks: "Module_Reg:IRreg"
 20. Port Connectivity Checks: "IRAM:IRAM1"
 21. Port Connectivity Checks: "Control_Unit:CU1"
 22. In-System Memory Content Editor Settings
 23. Post-Synthesis Netlist Statistics for Top Partition
 24. Post-Synthesis Netlist Statistics for Partition sld_hub:auto_hub
 25. Elapsed Time Per Partition
 26. Analysis & Synthesis Messages



----------------
; Legal Notice ;
----------------
Copyright (C) 2019  Intel Corporation. All rights reserved.
Your use of Intel Corporation's design tools, logic functions 
and other software and tools, and any partner logic 
functions, and any output files from any of the foregoing 
(including device programming or simulation files), and any 
associated documentation or information are expressly subject 
to the terms and conditions of the Intel Program License 
Subscription Agreement, the Intel Quartus Prime License Agreement,
the Intel FPGA IP License Agreement, or other applicable license
agreement, including, without limitation, that your use is for
the sole purpose of programming logic devices manufactured by
Intel and sold by Intel or its authorized distributors.  Please
refer to the applicable agreement for further details, at
https://fpgasoftware.intel.com/eula.



+----------------------------------------------------------------------------------+
; Analysis & Synthesis Summary                                                     ;
+------------------------------------+---------------------------------------------+
; Analysis & Synthesis Status        ; Successful - Fri Oct 30 23:58:27 2020       ;
; Quartus Prime Version              ; 19.1.0 Build 670 09/22/2019 SJ Lite Edition ;
; Revision Name                      ; Modified                                    ;
; Top-level Entity Name              ; Modified                                    ;
; Family                             ; Cyclone IV E                                ;
; Total logic elements               ; 384                                         ;
;     Total combinational functions  ; 337                                         ;
;     Dedicated logic registers      ; 197                                         ;
; Total registers                    ; 197                                         ;
; Total pins                         ; 46                                          ;
; Total virtual pins                 ; 0                                           ;
; Total memory bits                  ; 2,048                                       ;
; Embedded Multiplier 9-bit elements ; 0                                           ;
; Total PLLs                         ; 0                                           ;
+------------------------------------+---------------------------------------------+


+------------------------------------------------------------------------------------------------------------+
; Analysis & Synthesis Settings                                                                              ;
+------------------------------------------------------------------+--------------------+--------------------+
; Option                                                           ; Setting            ; Default Value      ;
+------------------------------------------------------------------+--------------------+--------------------+
; Device                                                           ; EP4CE115F29C7      ;                    ;
; Top-level entity name                                            ; Modified           ; Modified           ;
; Family name                                                      ; Cyclone IV E       ; Cyclone V          ;
; Use smart compilation                                            ; Off                ; Off                ;
; Enable parallel Assembler and Timing Analyzer during compilation ; On                 ; On                 ;
; Enable compact report table                                      ; Off                ; Off                ;
; Restructure Multiplexers                                         ; Auto               ; Auto               ;
; Create Debugging Nodes for IP Cores                              ; Off                ; Off                ;
; Preserve fewer node names                                        ; On                 ; On                 ;
; Intel FPGA IP Evaluation Mode                                    ; Enable             ; Enable             ;
; Verilog Version                                                  ; Verilog_2001       ; Verilog_2001       ;
; VHDL Version                                                     ; VHDL_1993          ; VHDL_1993          ;
; State Machine Processing                                         ; Auto               ; Auto               ;
; Safe State Machine                                               ; Off                ; Off                ;
; Extract Verilog State Machines                                   ; On                 ; On                 ;
; Extract VHDL State Machines                                      ; On                 ; On                 ;
; Ignore Verilog initial constructs                                ; Off                ; Off                ;
; Iteration limit for constant Verilog loops                       ; 5000               ; 5000               ;
; Iteration limit for non-constant Verilog loops                   ; 250                ; 250                ;
; Add Pass-Through Logic to Inferred RAMs                          ; On                 ; On                 ;
; Infer RAMs from Raw Logic                                        ; On                 ; On                 ;
; Parallel Synthesis                                               ; On                 ; On                 ;
; DSP Block Balancing                                              ; Auto               ; Auto               ;
; NOT Gate Push-Back                                               ; On                 ; On                 ;
; Power-Up Don't Care                                              ; On                 ; On                 ;
; Remove Redundant Logic Cells                                     ; Off                ; Off                ;
; Remove Duplicate Registers                                       ; On                 ; On                 ;
; Ignore CARRY Buffers                                             ; Off                ; Off                ;
; Ignore CASCADE Buffers                                           ; Off                ; Off                ;
; Ignore GLOBAL Buffers                                            ; Off                ; Off                ;
; Ignore ROW GLOBAL Buffers                                        ; Off                ; Off                ;
; Ignore LCELL Buffers                                             ; Off                ; Off                ;
; Ignore SOFT Buffers                                              ; On                 ; On                 ;
; Limit AHDL Integers to 32 Bits                                   ; Off                ; Off                ;
; Optimization Technique                                           ; Balanced           ; Balanced           ;
; Carry Chain Length                                               ; 70                 ; 70                 ;
; Auto Carry Chains                                                ; On                 ; On                 ;
; Auto Open-Drain Pins                                             ; On                 ; On                 ;
; Perform WYSIWYG Primitive Resynthesis                            ; Off                ; Off                ;
; Auto ROM Replacement                                             ; On                 ; On                 ;
; Auto RAM Replacement                                             ; On                 ; On                 ;
; Auto DSP Block Replacement                                       ; On                 ; On                 ;
; Auto Shift Register Replacement                                  ; Auto               ; Auto               ;
; Allow Shift Register Merging across Hierarchies                  ; Auto               ; Auto               ;
; Auto Clock Enable Replacement                                    ; On                 ; On                 ;
; Strict RAM Replacement                                           ; Off                ; Off                ;
; Allow Synchronous Control Signals                                ; On                 ; On                 ;
; Force Use of Synchronous Clear Signals                           ; Off                ; Off                ;
; Auto RAM Block Balancing                                         ; On                 ; On                 ;
; Auto RAM to Logic Cell Conversion                                ; Off                ; Off                ;
; Auto Resource Sharing                                            ; Off                ; Off                ;
; Allow Any RAM Size For Recognition                               ; Off                ; Off                ;
; Allow Any ROM Size For Recognition                               ; Off                ; Off                ;
; Allow Any Shift Register Size For Recognition                    ; Off                ; Off                ;
; Use LogicLock Constraints during Resource Balancing              ; On                 ; On                 ;
; Ignore translate_off and synthesis_off directives                ; Off                ; Off                ;
; Timing-Driven Synthesis                                          ; On                 ; On                 ;
; Report Parameter Settings                                        ; On                 ; On                 ;
; Report Source Assignments                                        ; On                 ; On                 ;
; Report Connectivity Checks                                       ; On                 ; On                 ;
; Ignore Maximum Fan-Out Assignments                               ; Off                ; Off                ;
; Synchronization Register Chain Length                            ; 2                  ; 2                  ;
; Power Optimization During Synthesis                              ; Normal compilation ; Normal compilation ;
; HDL message level                                                ; Level2             ; Level2             ;
; Suppress Register Optimization Related Messages                  ; Off                ; Off                ;
; Number of Removed Registers Reported in Synthesis Report         ; 5000               ; 5000               ;
; Number of Swept Nodes Reported in Synthesis Report               ; 5000               ; 5000               ;
; Number of Inverted Registers Reported in Synthesis Report        ; 100                ; 100                ;
; Clock MUX Protection                                             ; On                 ; On                 ;
; Auto Gated Clock Conversion                                      ; Off                ; Off                ;
; Block Design Naming                                              ; Auto               ; Auto               ;
; SDC constraint protection                                        ; Off                ; Off                ;
; Synthesis Effort                                                 ; Auto               ; Auto               ;
; Shift Register Replacement - Allow Asynchronous Clear Signal     ; On                 ; On                 ;
; Pre-Mapping Resynthesis Optimization                             ; Off                ; Off                ;
; Analysis & Synthesis Message Level                               ; Medium             ; Medium             ;
; Disable Register Merging Across Hierarchies                      ; Auto               ; Auto               ;
; Resource Aware Inference For Block RAM                           ; On                 ; On                 ;
+------------------------------------------------------------------+--------------------+--------------------+


+------------------------------------------+
; Parallel Compilation                     ;
+----------------------------+-------------+
; Processors                 ; Number      ;
+----------------------------+-------------+
; Number detected on machine ; 8           ;
; Maximum allowed            ; 4           ;
;                            ;             ;
; Average used               ; 1.00        ;
; Maximum used               ; 4           ;
;                            ;             ;
; Usage by Processor         ; % Time Used ;
;     Processor 1            ; 100.0%      ;
;     Processor 2            ;   0.0%      ;
;     Processors 3-4         ;   0.0%      ;
+----------------------------+-------------+


+----------------------------------------------------------------------------------------------------------------------------------------------------------------------------------------------------------------------------------------------+
; Analysis & Synthesis Source Files Read                                                                                                                                                                                                       ;
+--------------------------------------------------------------------+-----------------+----------------------------------------------+------------------------------------------------------------------------------------------+-------------+
; File Name with User-Entered Path                                   ; Used in Netlist ; File Type                                    ; File Name with Absolute Path                                                             ; Library     ;
+--------------------------------------------------------------------+-----------------+----------------------------------------------+------------------------------------------------------------------------------------------+-------------+
; Module_Reg.v                                                       ; yes             ; User Verilog HDL File                        ; E:/FPGA/Modified/Module_Reg.v                                                            ;             ;
; define.v                                                           ; yes             ; User Verilog HDL File                        ; E:/FPGA/Modified/define.v                                                                ;             ;
; Control_Unit.v                                                     ; yes             ; User Verilog HDL File                        ; E:/FPGA/Modified/Control_Unit.v                                                          ;             ;
; clkdiv.v                                                           ; yes             ; User Verilog HDL File                        ; E:/FPGA/Modified/clkdiv.v                                                                ;             ;
; IRAM.v                                                             ; yes             ; User Wizard-Generated File                   ; E:/FPGA/Modified/IRAM.v                                                                  ;             ;
; IRAM_Init.mif                                                      ; yes             ; User Memory Initialization File              ; E:/FPGA/Modified/IRAM_Init.mif                                                           ;             ;
; Modified.v                                                         ; yes             ; User Verilog HDL File                        ; E:/FPGA/Modified/Modified.v                                                              ;             ;
; altsyncram.tdf                                                     ; yes             ; Megafunction                                 ; c:/intelfpga_lite/19.1/quartus/libraries/megafunctions/altsyncram.tdf                    ;             ;
; stratix_ram_block.inc                                              ; yes             ; Megafunction                                 ; c:/intelfpga_lite/19.1/quartus/libraries/megafunctions/stratix_ram_block.inc             ;             ;
; lpm_mux.inc                                                        ; yes             ; Megafunction                                 ; c:/intelfpga_lite/19.1/quartus/libraries/megafunctions/lpm_mux.inc                       ;             ;
; lpm_decode.inc                                                     ; yes             ; Megafunction                                 ; c:/intelfpga_lite/19.1/quartus/libraries/megafunctions/lpm_decode.inc                    ;             ;
; aglobal191.inc                                                     ; yes             ; Megafunction                                 ; c:/intelfpga_lite/19.1/quartus/libraries/megafunctions/aglobal191.inc                    ;             ;
; a_rdenreg.inc                                                      ; yes             ; Megafunction                                 ; c:/intelfpga_lite/19.1/quartus/libraries/megafunctions/a_rdenreg.inc                     ;             ;
; altrom.inc                                                         ; yes             ; Megafunction                                 ; c:/intelfpga_lite/19.1/quartus/libraries/megafunctions/altrom.inc                        ;             ;
; altram.inc                                                         ; yes             ; Megafunction                                 ; c:/intelfpga_lite/19.1/quartus/libraries/megafunctions/altram.inc                        ;             ;
; altdpram.inc                                                       ; yes             ; Megafunction                                 ; c:/intelfpga_lite/19.1/quartus/libraries/megafunctions/altdpram.inc                      ;             ;
; db/altsyncram_hdm1.tdf                                             ; yes             ; Auto-Generated Megafunction                  ; E:/FPGA/Modified/db/altsyncram_hdm1.tdf                                                  ;             ;
; db/altsyncram_6jc2.tdf                                             ; yes             ; Auto-Generated Megafunction                  ; E:/FPGA/Modified/db/altsyncram_6jc2.tdf                                                  ;             ;
; sld_mod_ram_rom.vhd                                                ; yes             ; Encrypted Megafunction                       ; c:/intelfpga_lite/19.1/quartus/libraries/megafunctions/sld_mod_ram_rom.vhd               ;             ;
; sld_jtag_endpoint_adapter.vhd                                      ; yes             ; Encrypted Megafunction                       ; c:/intelfpga_lite/19.1/quartus/libraries/megafunctions/sld_jtag_endpoint_adapter.vhd     ;             ;
; sld_jtag_endpoint_adapter_impl.sv                                  ; yes             ; Encrypted Megafunction                       ; c:/intelfpga_lite/19.1/quartus/libraries/megafunctions/sld_jtag_endpoint_adapter_impl.sv ;             ;
; sld_rom_sr.vhd                                                     ; yes             ; Encrypted Megafunction                       ; c:/intelfpga_lite/19.1/quartus/libraries/megafunctions/sld_rom_sr.vhd                    ;             ;
; sld_hub.vhd                                                        ; yes             ; Encrypted Megafunction                       ; c:/intelfpga_lite/19.1/quartus/libraries/megafunctions/sld_hub.vhd                       ; altera_sld  ;
; db/ip/sld30ce387f/alt_sld_fab.v                                    ; yes             ; Encrypted Auto-Found Verilog HDL File        ; E:/FPGA/Modified/db/ip/sld30ce387f/alt_sld_fab.v                                         ; alt_sld_fab ;
; db/ip/sld30ce387f/submodules/alt_sld_fab_alt_sld_fab.v             ; yes             ; Encrypted Auto-Found Verilog HDL File        ; E:/FPGA/Modified/db/ip/sld30ce387f/submodules/alt_sld_fab_alt_sld_fab.v                  ; alt_sld_fab ;
; db/ip/sld30ce387f/submodules/alt_sld_fab_alt_sld_fab_ident.sv      ; yes             ; Auto-Found SystemVerilog HDL File            ; E:/FPGA/Modified/db/ip/sld30ce387f/submodules/alt_sld_fab_alt_sld_fab_ident.sv           ; alt_sld_fab ;
; db/ip/sld30ce387f/submodules/alt_sld_fab_alt_sld_fab_presplit.sv   ; yes             ; Encrypted Auto-Found SystemVerilog HDL File  ; E:/FPGA/Modified/db/ip/sld30ce387f/submodules/alt_sld_fab_alt_sld_fab_presplit.sv        ; alt_sld_fab ;
; db/ip/sld30ce387f/submodules/alt_sld_fab_alt_sld_fab_sldfabric.vhd ; yes             ; Encrypted Auto-Found VHDL File               ; E:/FPGA/Modified/db/ip/sld30ce387f/submodules/alt_sld_fab_alt_sld_fab_sldfabric.vhd      ; alt_sld_fab ;
; db/ip/sld30ce387f/submodules/alt_sld_fab_alt_sld_fab_splitter.sv   ; yes             ; Encrypted Auto-Found SystemVerilog HDL File  ; E:/FPGA/Modified/db/ip/sld30ce387f/submodules/alt_sld_fab_alt_sld_fab_splitter.sv        ; alt_sld_fab ;
; sld_jtag_hub.vhd                                                   ; yes             ; Encrypted Megafunction                       ; c:/intelfpga_lite/19.1/quartus/libraries/megafunctions/sld_jtag_hub.vhd                  ;             ;
+--------------------------------------------------------------------+-----------------+----------------------------------------------+------------------------------------------------------------------------------------------+-------------+


+------------------------------------------------------------------------+
; Analysis & Synthesis Resource Usage Summary                            ;
+---------------------------------------------+--------------------------+
; Resource                                    ; Usage                    ;
+---------------------------------------------+--------------------------+
; Estimated Total logic elements              ; 384                      ;
;                                             ;                          ;
; Total combinational functions               ; 337                      ;
; Logic element usage by number of LUT inputs ;                          ;
;     -- 4 input functions                    ; 179                      ;
;     -- 3 input functions                    ; 60                       ;
;     -- <=2 input functions                  ; 98                       ;
;                                             ;                          ;
; Logic elements by mode                      ;                          ;
;     -- normal mode                          ; 287                      ;
;     -- arithmetic mode                      ; 50                       ;
;                                             ;                          ;
; Total registers                             ; 197                      ;
;     -- Dedicated logic registers            ; 197                      ;
;     -- I/O registers                        ; 0                        ;
;                                             ;                          ;
; I/O pins                                    ; 46                       ;
; Total memory bits                           ; 2048                     ;
;                                             ;                          ;
; Embedded Multiplier 9-bit elements          ; 0                        ;
;                                             ;                          ;
; Maximum fan-out node                        ; altera_internal_jtag~TDO ;
; Maximum fan-out                             ; 155                      ;
; Total fan-out                               ; 1929                     ;
; Average fan-out                             ; 3.00                     ;
+---------------------------------------------+--------------------------+


+------------------------------------------------------------------------------------------------------------------------------------------------------------------------------------------------------------------------------------------------------------------------------------------------------------------------------------------------------------------------------------------------------------------------------------------------------------------------------------------------------------------------------------------------------------------------------------------------------------------------------------------------------------------------------+
; Analysis & Synthesis Resource Utilization by Entity                                                                                                                                                                                                                                                                                                                                                                                                                                                                                                                                                                                                                          ;
+-----------------------------------------------------------------------------------------------------------------------------------------+---------------------+---------------------------+-------------+--------------+---------+-----------+------+--------------+------------------------------------------------------------------------------------------------------------------------------------------------------------------------------------------------------------------------------------------------------------------------------------------------------------------------------------------------------+-----------------------------------+--------------+
; Compilation Hierarchy Node                                                                                                              ; Combinational ALUTs ; Dedicated Logic Registers ; Memory Bits ; DSP Elements ; DSP 9x9 ; DSP 18x18 ; Pins ; Virtual Pins ; Full Hierarchy Name                                                                                                                                                                                                                                                                                                                                  ; Entity Name                       ; Library Name ;
+-----------------------------------------------------------------------------------------------------------------------------------------+---------------------+---------------------------+-------------+--------------+---------+-----------+------+--------------+------------------------------------------------------------------------------------------------------------------------------------------------------------------------------------------------------------------------------------------------------------------------------------------------------------------------------------------------------+-----------------------------------+--------------+
; |Modified                                                                                                                               ; 337 (1)             ; 197 (0)                   ; 2048        ; 0            ; 0       ; 0         ; 46   ; 0            ; |Modified                                                                                                                                                                                                                                                                                                                                            ; Modified                          ; work         ;
;    |Control_Unit:CU1|                                                                                                                   ; 103 (103)           ; 33 (33)                   ; 0           ; 0            ; 0       ; 0         ; 0    ; 0            ; |Modified|Control_Unit:CU1                                                                                                                                                                                                                                                                                                                           ; Control_Unit                      ; work         ;
;    |IRAM:IRAM1|                                                                                                                         ; 60 (0)              ; 37 (0)                    ; 2048        ; 0            ; 0       ; 0         ; 0    ; 0            ; |Modified|IRAM:IRAM1                                                                                                                                                                                                                                                                                                                                 ; IRAM                              ; work         ;
;       |altsyncram:altsyncram_component|                                                                                                 ; 60 (0)              ; 37 (0)                    ; 2048        ; 0            ; 0       ; 0         ; 0    ; 0            ; |Modified|IRAM:IRAM1|altsyncram:altsyncram_component                                                                                                                                                                                                                                                                                                 ; altsyncram                        ; work         ;
;          |altsyncram_hdm1:auto_generated|                                                                                               ; 60 (0)              ; 37 (0)                    ; 2048        ; 0            ; 0       ; 0         ; 0    ; 0            ; |Modified|IRAM:IRAM1|altsyncram:altsyncram_component|altsyncram_hdm1:auto_generated                                                                                                                                                                                                                                                                  ; altsyncram_hdm1                   ; work         ;
;             |altsyncram_6jc2:altsyncram1|                                                                                               ; 0 (0)               ; 0 (0)                     ; 2048        ; 0            ; 0       ; 0         ; 0    ; 0            ; |Modified|IRAM:IRAM1|altsyncram:altsyncram_component|altsyncram_hdm1:auto_generated|altsyncram_6jc2:altsyncram1                                                                                                                                                                                                                                      ; altsyncram_6jc2                   ; work         ;
;             |sld_mod_ram_rom:mgl_prim2|                                                                                                 ; 60 (37)             ; 37 (28)                   ; 0           ; 0            ; 0       ; 0         ; 0    ; 0            ; |Modified|IRAM:IRAM1|altsyncram:altsyncram_component|altsyncram_hdm1:auto_generated|sld_mod_ram_rom:mgl_prim2                                                                                                                                                                                                                                        ; sld_mod_ram_rom                   ; work         ;
;                |sld_rom_sr:\ram_rom_logic_gen:name_gen:info_rom_sr|                                                                     ; 23 (23)             ; 9 (9)                     ; 0           ; 0            ; 0       ; 0         ; 0    ; 0            ; |Modified|IRAM:IRAM1|altsyncram:altsyncram_component|altsyncram_hdm1:auto_generated|sld_mod_ram_rom:mgl_prim2|sld_rom_sr:\ram_rom_logic_gen:name_gen:info_rom_sr                                                                                                                                                                                     ; sld_rom_sr                        ; work         ;
;    |Module_Reg:IRreg|                                                                                                                   ; 0 (0)               ; 8 (8)                     ; 0           ; 0            ; 0       ; 0         ; 0    ; 0            ; |Modified|Module_Reg:IRreg                                                                                                                                                                                                                                                                                                                           ; Module_Reg                        ; work         ;
;    |clkdiv:clkdiv1|                                                                                                                     ; 55 (55)             ; 33 (33)                   ; 0           ; 0            ; 0       ; 0         ; 0    ; 0            ; |Modified|clkdiv:clkdiv1                                                                                                                                                                                                                                                                                                                             ; clkdiv                            ; work         ;
;    |sld_hub:auto_hub|                                                                                                                   ; 118 (1)             ; 86 (0)                    ; 0           ; 0            ; 0       ; 0         ; 0    ; 0            ; |Modified|sld_hub:auto_hub                                                                                                                                                                                                                                                                                                                           ; sld_hub                           ; altera_sld   ;
;       |alt_sld_fab_with_jtag_input:\instrumentation_fabric_with_node_gen:fabric_gen_new_way:with_jtag_input_gen:instrumentation_fabric| ; 117 (0)             ; 86 (0)                    ; 0           ; 0            ; 0       ; 0         ; 0    ; 0            ; |Modified|sld_hub:auto_hub|alt_sld_fab_with_jtag_input:\instrumentation_fabric_with_node_gen:fabric_gen_new_way:with_jtag_input_gen:instrumentation_fabric                                                                                                                                                                                           ; alt_sld_fab_with_jtag_input       ; altera_sld   ;
;          |alt_sld_fab:instrumentation_fabric|                                                                                           ; 117 (0)             ; 86 (0)                    ; 0           ; 0            ; 0       ; 0         ; 0    ; 0            ; |Modified|sld_hub:auto_hub|alt_sld_fab_with_jtag_input:\instrumentation_fabric_with_node_gen:fabric_gen_new_way:with_jtag_input_gen:instrumentation_fabric|alt_sld_fab:instrumentation_fabric                                                                                                                                                        ; alt_sld_fab                       ; alt_sld_fab  ;
;             |alt_sld_fab_alt_sld_fab:alt_sld_fab|                                                                                       ; 117 (1)             ; 86 (5)                    ; 0           ; 0            ; 0       ; 0         ; 0    ; 0            ; |Modified|sld_hub:auto_hub|alt_sld_fab_with_jtag_input:\instrumentation_fabric_with_node_gen:fabric_gen_new_way:with_jtag_input_gen:instrumentation_fabric|alt_sld_fab:instrumentation_fabric|alt_sld_fab_alt_sld_fab:alt_sld_fab                                                                                                                    ; alt_sld_fab_alt_sld_fab           ; alt_sld_fab  ;
;                |alt_sld_fab_alt_sld_fab_sldfabric:sldfabric|                                                                            ; 116 (0)             ; 81 (0)                    ; 0           ; 0            ; 0       ; 0         ; 0    ; 0            ; |Modified|sld_hub:auto_hub|alt_sld_fab_with_jtag_input:\instrumentation_fabric_with_node_gen:fabric_gen_new_way:with_jtag_input_gen:instrumentation_fabric|alt_sld_fab:instrumentation_fabric|alt_sld_fab_alt_sld_fab:alt_sld_fab|alt_sld_fab_alt_sld_fab_sldfabric:sldfabric                                                                        ; alt_sld_fab_alt_sld_fab_sldfabric ; alt_sld_fab  ;
;                   |sld_jtag_hub:\jtag_hub_gen:real_sld_jtag_hub|                                                                        ; 116 (80)            ; 81 (53)                   ; 0           ; 0            ; 0       ; 0         ; 0    ; 0            ; |Modified|sld_hub:auto_hub|alt_sld_fab_with_jtag_input:\instrumentation_fabric_with_node_gen:fabric_gen_new_way:with_jtag_input_gen:instrumentation_fabric|alt_sld_fab:instrumentation_fabric|alt_sld_fab_alt_sld_fab:alt_sld_fab|alt_sld_fab_alt_sld_fab_sldfabric:sldfabric|sld_jtag_hub:\jtag_hub_gen:real_sld_jtag_hub                           ; sld_jtag_hub                      ; work         ;
;                      |sld_rom_sr:hub_info_reg|                                                                                          ; 18 (18)             ; 9 (9)                     ; 0           ; 0            ; 0       ; 0         ; 0    ; 0            ; |Modified|sld_hub:auto_hub|alt_sld_fab_with_jtag_input:\instrumentation_fabric_with_node_gen:fabric_gen_new_way:with_jtag_input_gen:instrumentation_fabric|alt_sld_fab:instrumentation_fabric|alt_sld_fab_alt_sld_fab:alt_sld_fab|alt_sld_fab_alt_sld_fab_sldfabric:sldfabric|sld_jtag_hub:\jtag_hub_gen:real_sld_jtag_hub|sld_rom_sr:hub_info_reg   ; sld_rom_sr                        ; work         ;
;                      |sld_shadow_jsm:shadow_jsm|                                                                                        ; 18 (18)             ; 19 (19)                   ; 0           ; 0            ; 0       ; 0         ; 0    ; 0            ; |Modified|sld_hub:auto_hub|alt_sld_fab_with_jtag_input:\instrumentation_fabric_with_node_gen:fabric_gen_new_way:with_jtag_input_gen:instrumentation_fabric|alt_sld_fab:instrumentation_fabric|alt_sld_fab_alt_sld_fab:alt_sld_fab|alt_sld_fab_alt_sld_fab_sldfabric:sldfabric|sld_jtag_hub:\jtag_hub_gen:real_sld_jtag_hub|sld_shadow_jsm:shadow_jsm ; sld_shadow_jsm                    ; altera_sld   ;
+-----------------------------------------------------------------------------------------------------------------------------------------+---------------------+---------------------------+-------------+--------------+---------+-----------+------+--------------+------------------------------------------------------------------------------------------------------------------------------------------------------------------------------------------------------------------------------------------------------------------------------------------------------------------------------------------------------+-----------------------------------+--------------+
Note: For table entries with two numbers listed, the numbers in parentheses indicate the number of resources of the given type used by the specific entity alone. The numbers listed outside of parentheses indicate the total resources of the given type used by the specific entity and all of its sub-entities in the hierarchy.


+-----------------------------------------------------------------------------------------------------------------------------------------------------------------------------------------------------------------------------+
; Analysis & Synthesis RAM Summary                                                                                                                                                                                            ;
+------------------------------------------------------------------------------------------------------------------+------+----------------+--------------+--------------+--------------+--------------+------+---------------+
; Name                                                                                                             ; Type ; Mode           ; Port A Depth ; Port A Width ; Port B Depth ; Port B Width ; Size ; MIF           ;
+------------------------------------------------------------------------------------------------------------------+------+----------------+--------------+--------------+--------------+--------------+------+---------------+
; IRAM:IRAM1|altsyncram:altsyncram_component|altsyncram_hdm1:auto_generated|altsyncram_6jc2:altsyncram1|ALTSYNCRAM ; M9K  ; True Dual Port ; 256          ; 8            ; 256          ; 8            ; 2048 ; IRAM_Init.mif ;
+------------------------------------------------------------------------------------------------------------------+------+----------------+--------------+--------------+--------------+--------------+------+---------------+


+-----------------------------------------------------------------------------------------------------------------------------------------------------------------------------------------------------------------------------------------------------------------------------------------------------------------------------------------------------------------+
; Analysis & Synthesis IP Cores Summary                                                                                                                                                                                                                                                                                                                           ;
+--------+--------------+---------+--------------+--------------+-------------------------------------------------------------------------------------------------------------------------------------------------------------------------------------------------------------------------------------------------------------------------------+-----------------+
; Vendor ; IP Core Name ; Version ; Release Date ; License Type ; Entity Instance                                                                                                                                                                                                                                                               ; IP Include File ;
+--------+--------------+---------+--------------+--------------+-------------------------------------------------------------------------------------------------------------------------------------------------------------------------------------------------------------------------------------------------------------------------------+-----------------+
; Altera ; RAM: 1-PORT  ; 19.1    ; N/A          ; N/A          ; |Modified|IRAM:IRAM1                                                                                                                                                                                                                                                          ; IRAM.v          ;
; Altera ; Signal Tap   ; N/A     ; N/A          ; Licensed     ; |Modified|sld_hub:auto_hub|alt_sld_fab_with_jtag_input:\instrumentation_fabric_with_node_gen:fabric_gen_new_way:with_jtag_input_gen:instrumentation_fabric|alt_sld_fab:instrumentation_fabric                                                                                 ;                 ;
; Altera ; Signal Tap   ; N/A     ; N/A          ; Licensed     ; |Modified|sld_hub:auto_hub|alt_sld_fab_with_jtag_input:\instrumentation_fabric_with_node_gen:fabric_gen_new_way:with_jtag_input_gen:instrumentation_fabric|alt_sld_fab:instrumentation_fabric|alt_sld_fab_alt_sld_fab:alt_sld_fab                                             ;                 ;
; Altera ; Signal Tap   ; N/A     ; N/A          ; Licensed     ; |Modified|sld_hub:auto_hub|alt_sld_fab_with_jtag_input:\instrumentation_fabric_with_node_gen:fabric_gen_new_way:with_jtag_input_gen:instrumentation_fabric|alt_sld_fab:instrumentation_fabric|alt_sld_fab_alt_sld_fab:alt_sld_fab|alt_sld_fab_alt_sld_fab_presplit:presplit   ;                 ;
; Altera ; Signal Tap   ; N/A     ; N/A          ; Licensed     ; |Modified|sld_hub:auto_hub|alt_sld_fab_with_jtag_input:\instrumentation_fabric_with_node_gen:fabric_gen_new_way:with_jtag_input_gen:instrumentation_fabric|alt_sld_fab:instrumentation_fabric|alt_sld_fab_alt_sld_fab:alt_sld_fab|alt_sld_fab_alt_sld_fab_sldfabric:sldfabric ;                 ;
; Altera ; Signal Tap   ; N/A     ; N/A          ; Licensed     ; |Modified|sld_hub:auto_hub|alt_sld_fab_with_jtag_input:\instrumentation_fabric_with_node_gen:fabric_gen_new_way:with_jtag_input_gen:instrumentation_fabric|alt_sld_fab:instrumentation_fabric|alt_sld_fab_alt_sld_fab:alt_sld_fab|alt_sld_fab_alt_sld_fab_splitter:splitter   ;                 ;
+--------+--------------+---------+--------------+--------------+-------------------------------------------------------------------------------------------------------------------------------------------------------------------------------------------------------------------------------------------------------------------------------+-----------------+


+-----------------------------------------------------------------------------------------------------------------------------------------------------------------------------+
; Registers Removed During Synthesis                                                                                                                                          ;
+------------------------------------------------------------------------------------------------------------------------------------+----------------------------------------+
; Register name                                                                                                                      ; Reason for Removal                     ;
+------------------------------------------------------------------------------------------------------------------------------------+----------------------------------------+
; Module_Reg:PCreg|dout[0..7]                                                                                                        ; Stuck at GND due to stuck port clock   ;
; Control_Unit:CU1|RST_en[0,1]                                                                                                       ; Stuck at GND due to stuck port data_in ;
; Control_Unit:CU1|INC_en[1,5,6]                                                                                                     ; Stuck at GND due to stuck port data_in ;
; Control_Unit:CU1|WRT_en[0]                                                                                                         ; Lost fanout                            ;
; Control_Unit:CU1|RST_en[5,6]                                                                                                       ; Merged with Control_Unit:CU1|RST_en[2] ;
; IRAM:IRAM1|altsyncram:altsyncram_component|altsyncram_hdm1:auto_generated|sld_mod_ram_rom:mgl_prim2|ram_rom_data_shift_cntr_reg[3] ; Stuck at GND due to stuck port data_in ;
; Total Number of Removed Registers = 17                                                                                             ;                                        ;
+------------------------------------------------------------------------------------------------------------------------------------+----------------------------------------+


+---------------------------------------------------------------------------------------------+
; Removed Registers Triggering Further Register Optimizations                                 ;
+--------------------------+-------------------------+----------------------------------------+
; Register name            ; Reason for Removal      ; Registers Removed due to This Register ;
+--------------------------+-------------------------+----------------------------------------+
; Module_Reg:PCreg|dout[0] ; Stuck at GND            ; Control_Unit:CU1|WRT_en[0]             ;
;                          ; due to stuck port clock ;                                        ;
+--------------------------+-------------------------+----------------------------------------+


+------------------------------------------------------+
; General Register Statistics                          ;
+----------------------------------------------+-------+
; Statistic                                    ; Value ;
+----------------------------------------------+-------+
; Total registers                              ; 197   ;
; Number of registers using Synchronous Clear  ; 33    ;
; Number of registers using Synchronous Load   ; 31    ;
; Number of registers using Asynchronous Clear ; 86    ;
; Number of registers using Asynchronous Load  ; 0     ;
; Number of registers using Clock Enable       ; 114   ;
; Number of registers using Preset             ; 0     ;
+----------------------------------------------+-------+


+-------------------------------------------------------------------------------------------------------------------------------------------------------------------------------------------------------------------------------------------------------------------------------------------------------------------------------------------+
; Inverted Register Statistics                                                                                                                                                                                                                                                                                                              ;
+---------------------------------------------------------------------------------------------------------------------------------------------------------------------------------------------------------------------------------------------------------------------------------------------------------------------------------+---------+
; Inverted Register                                                                                                                                                                                                                                                                                                               ; Fan out ;
+---------------------------------------------------------------------------------------------------------------------------------------------------------------------------------------------------------------------------------------------------------------------------------------------------------------------------------+---------+
; Control_Unit:CU1|STATE[2]                                                                                                                                                                                                                                                                                                       ; 38      ;
; Control_Unit:CU1|NXTSTATE[2]                                                                                                                                                                                                                                                                                                    ; 8       ;
; sld_hub:auto_hub|alt_sld_fab_with_jtag_input:\instrumentation_fabric_with_node_gen:fabric_gen_new_way:with_jtag_input_gen:instrumentation_fabric|alt_sld_fab:instrumentation_fabric|alt_sld_fab_alt_sld_fab:alt_sld_fab|alt_sld_fab_alt_sld_fab_sldfabric:sldfabric|sld_jtag_hub:\jtag_hub_gen:real_sld_jtag_hub|jtag_ir_reg[2] ; 2       ;
; sld_hub:auto_hub|alt_sld_fab_with_jtag_input:\instrumentation_fabric_with_node_gen:fabric_gen_new_way:with_jtag_input_gen:instrumentation_fabric|alt_sld_fab:instrumentation_fabric|alt_sld_fab_alt_sld_fab:alt_sld_fab|alt_sld_fab_alt_sld_fab_sldfabric:sldfabric|sld_jtag_hub:\jtag_hub_gen:real_sld_jtag_hub|jtag_ir_reg[1] ; 3       ;
; Total number of inverted registers = 4                                                                                                                                                                                                                                                                                          ;         ;
+---------------------------------------------------------------------------------------------------------------------------------------------------------------------------------------------------------------------------------------------------------------------------------------------------------------------------------+---------+


+----------------------------------------------------------------------------------------------------------------------------------------------------------------------------------------------------------------------------------------------------------------------------------------------------------------------------------------------------------------------------------------------------------------------------------------------------------------------------------+
; Multiplexer Restructuring Statistics (Restructuring Performed)                                                                                                                                                                                                                                                                                                                                                                                                                   ;
+--------------------+-----------+---------------+----------------------+------------------------+------------+--------------------------------------------------------------------------------------------------------------------------------------------------------------------------------------------------------------------------------------------------------------------------------------------------------------------------------------------------------------------+
; Multiplexer Inputs ; Bus Width ; Baseline Area ; Area if Restructured ; Saving if Restructured ; Registered ; Example Multiplexer Output                                                                                                                                                                                                                                                                                                                                         ;
+--------------------+-----------+---------------+----------------------+------------------------+------------+--------------------------------------------------------------------------------------------------------------------------------------------------------------------------------------------------------------------------------------------------------------------------------------------------------------------------------------------------------------------+
; 3:1                ; 4 bits    ; 8 LEs         ; 4 LEs                ; 4 LEs                  ; Yes        ; |Modified|IRAM:IRAM1|altsyncram:altsyncram_component|altsyncram_hdm1:auto_generated|sld_mod_ram_rom:mgl_prim2|ram_rom_data_shift_cntr_reg[3]                                                                                                                                                                                                                       ;
; 3:1                ; 8 bits    ; 16 LEs        ; 8 LEs                ; 8 LEs                  ; Yes        ; |Modified|IRAM:IRAM1|altsyncram:altsyncram_component|altsyncram_hdm1:auto_generated|sld_mod_ram_rom:mgl_prim2|ram_rom_data_reg[0]                                                                                                                                                                                                                                  ;
; 3:1                ; 8 bits    ; 16 LEs        ; 8 LEs                ; 8 LEs                  ; Yes        ; |Modified|IRAM:IRAM1|altsyncram:altsyncram_component|altsyncram_hdm1:auto_generated|sld_mod_ram_rom:mgl_prim2|ram_rom_addr_reg[0]                                                                                                                                                                                                                                  ;
; 4:1                ; 5 bits    ; 10 LEs        ; 5 LEs                ; 5 LEs                  ; Yes        ; |Modified|IRAM:IRAM1|altsyncram:altsyncram_component|altsyncram_hdm1:auto_generated|sld_mod_ram_rom:mgl_prim2|sld_rom_sr:\ram_rom_logic_gen:name_gen:info_rom_sr|word_counter[0]                                                                                                                                                                                   ;
; 256:1              ; 17 bits   ; 2890 LEs      ; 578 LEs              ; 2312 LEs               ; Yes        ; |Modified|Control_Unit:CU1|RST_en[2]                                                                                                                                                                                                                                                                                                                               ;
; 256:1              ; 7 bits    ; 1190 LEs      ; 112 LEs              ; 1078 LEs               ; Yes        ; |Modified|Control_Unit:CU1|NXTSTATE[4]                                                                                                                                                                                                                                                                                                                             ;
; 26:1               ; 4 bits    ; 68 LEs        ; 48 LEs               ; 20 LEs                 ; Yes        ; |Modified|IRAM:IRAM1|altsyncram:altsyncram_component|altsyncram_hdm1:auto_generated|sld_mod_ram_rom:mgl_prim2|sld_rom_sr:\ram_rom_logic_gen:name_gen:info_rom_sr|WORD_SR[0]                                                                                                                                                                                        ;
; 3:1                ; 7 bits    ; 14 LEs        ; 7 LEs                ; 7 LEs                  ; Yes        ; |Modified|sld_hub:auto_hub|alt_sld_fab_with_jtag_input:\instrumentation_fabric_with_node_gen:fabric_gen_new_way:with_jtag_input_gen:instrumentation_fabric|alt_sld_fab:instrumentation_fabric|alt_sld_fab_alt_sld_fab:alt_sld_fab|alt_sld_fab_alt_sld_fab_sldfabric:sldfabric|sld_jtag_hub:\jtag_hub_gen:real_sld_jtag_hub|irsr_reg[2]                             ;
; 3:1                ; 4 bits    ; 8 LEs         ; 4 LEs                ; 4 LEs                  ; Yes        ; |Modified|sld_hub:auto_hub|alt_sld_fab_with_jtag_input:\instrumentation_fabric_with_node_gen:fabric_gen_new_way:with_jtag_input_gen:instrumentation_fabric|alt_sld_fab:instrumentation_fabric|alt_sld_fab_alt_sld_fab:alt_sld_fab|alt_sld_fab_alt_sld_fab_sldfabric:sldfabric|sld_jtag_hub:\jtag_hub_gen:real_sld_jtag_hub|hub_minor_ver_reg[0]                    ;
; 4:1                ; 5 bits    ; 10 LEs        ; 5 LEs                ; 5 LEs                  ; Yes        ; |Modified|sld_hub:auto_hub|alt_sld_fab_with_jtag_input:\instrumentation_fabric_with_node_gen:fabric_gen_new_way:with_jtag_input_gen:instrumentation_fabric|alt_sld_fab:instrumentation_fabric|alt_sld_fab_alt_sld_fab:alt_sld_fab|alt_sld_fab_alt_sld_fab_sldfabric:sldfabric|sld_jtag_hub:\jtag_hub_gen:real_sld_jtag_hub|sld_rom_sr:hub_info_reg|word_counter[1] ;
; 4:1                ; 5 bits    ; 10 LEs        ; 5 LEs                ; 5 LEs                  ; Yes        ; |Modified|sld_hub:auto_hub|alt_sld_fab_with_jtag_input:\instrumentation_fabric_with_node_gen:fabric_gen_new_way:with_jtag_input_gen:instrumentation_fabric|alt_sld_fab:instrumentation_fabric|alt_sld_fab_alt_sld_fab:alt_sld_fab|alt_sld_fab_alt_sld_fab_sldfabric:sldfabric|sld_jtag_hub:\jtag_hub_gen:real_sld_jtag_hub|mixer_addr_reg_internal[4]              ;
; 34:1               ; 4 bits    ; 88 LEs        ; 60 LEs               ; 28 LEs                 ; Yes        ; |Modified|sld_hub:auto_hub|alt_sld_fab_with_jtag_input:\instrumentation_fabric_with_node_gen:fabric_gen_new_way:with_jtag_input_gen:instrumentation_fabric|alt_sld_fab:instrumentation_fabric|alt_sld_fab_alt_sld_fab:alt_sld_fab|alt_sld_fab_alt_sld_fab_sldfabric:sldfabric|sld_jtag_hub:\jtag_hub_gen:real_sld_jtag_hub|design_hash_reg[0]                      ;
; 20:1               ; 4 bits    ; 52 LEs        ; 32 LEs               ; 20 LEs                 ; Yes        ; |Modified|sld_hub:auto_hub|alt_sld_fab_with_jtag_input:\instrumentation_fabric_with_node_gen:fabric_gen_new_way:with_jtag_input_gen:instrumentation_fabric|alt_sld_fab:instrumentation_fabric|alt_sld_fab_alt_sld_fab:alt_sld_fab|alt_sld_fab_alt_sld_fab_sldfabric:sldfabric|sld_jtag_hub:\jtag_hub_gen:real_sld_jtag_hub|sld_rom_sr:hub_info_reg|WORD_SR[0]      ;
+--------------------+-----------+---------------+----------------------+------------------------+------------+--------------------------------------------------------------------------------------------------------------------------------------------------------------------------------------------------------------------------------------------------------------------------------------------------------------------------------------------------------------------+


+------------------------------------------------------------------------------------------------------------------------------+
; Source assignments for IRAM:IRAM1|altsyncram:altsyncram_component|altsyncram_hdm1:auto_generated|altsyncram_6jc2:altsyncram1 ;
+---------------------------------+--------------------+------+----------------------------------------------------------------+
; Assignment                      ; Value              ; From ; To                                                             ;
+---------------------------------+--------------------+------+----------------------------------------------------------------+
; OPTIMIZE_POWER_DURING_SYNTHESIS ; NORMAL_COMPILATION ; -    ; -                                                              ;
+---------------------------------+--------------------+------+----------------------------------------------------------------+


+-----------------------------------------------------------------------------------------+
; Parameter Settings for User Entity Instance: IRAM:IRAM1|altsyncram:altsyncram_component ;
+------------------------------------+----------------------+-----------------------------+
; Parameter Name                     ; Value                ; Type                        ;
+------------------------------------+----------------------+-----------------------------+
; BYTE_SIZE_BLOCK                    ; 8                    ; Untyped                     ;
; AUTO_CARRY_CHAINS                  ; ON                   ; AUTO_CARRY                  ;
; IGNORE_CARRY_BUFFERS               ; OFF                  ; IGNORE_CARRY                ;
; AUTO_CASCADE_CHAINS                ; ON                   ; AUTO_CASCADE                ;
; IGNORE_CASCADE_BUFFERS             ; OFF                  ; IGNORE_CASCADE              ;
; WIDTH_BYTEENA                      ; 1                    ; Untyped                     ;
; OPERATION_MODE                     ; SINGLE_PORT          ; Untyped                     ;
; WIDTH_A                            ; 8                    ; Signed Integer              ;
; WIDTHAD_A                          ; 8                    ; Signed Integer              ;
; NUMWORDS_A                         ; 256                  ; Signed Integer              ;
; OUTDATA_REG_A                      ; UNREGISTERED         ; Untyped                     ;
; ADDRESS_ACLR_A                     ; NONE                 ; Untyped                     ;
; OUTDATA_ACLR_A                     ; NONE                 ; Untyped                     ;
; WRCONTROL_ACLR_A                   ; NONE                 ; Untyped                     ;
; INDATA_ACLR_A                      ; NONE                 ; Untyped                     ;
; BYTEENA_ACLR_A                     ; NONE                 ; Untyped                     ;
; WIDTH_B                            ; 1                    ; Untyped                     ;
; WIDTHAD_B                          ; 1                    ; Untyped                     ;
; NUMWORDS_B                         ; 1                    ; Untyped                     ;
; INDATA_REG_B                       ; CLOCK1               ; Untyped                     ;
; WRCONTROL_WRADDRESS_REG_B          ; CLOCK1               ; Untyped                     ;
; RDCONTROL_REG_B                    ; CLOCK1               ; Untyped                     ;
; ADDRESS_REG_B                      ; CLOCK1               ; Untyped                     ;
; OUTDATA_REG_B                      ; UNREGISTERED         ; Untyped                     ;
; BYTEENA_REG_B                      ; CLOCK1               ; Untyped                     ;
; INDATA_ACLR_B                      ; NONE                 ; Untyped                     ;
; WRCONTROL_ACLR_B                   ; NONE                 ; Untyped                     ;
; ADDRESS_ACLR_B                     ; NONE                 ; Untyped                     ;
; OUTDATA_ACLR_B                     ; NONE                 ; Untyped                     ;
; RDCONTROL_ACLR_B                   ; NONE                 ; Untyped                     ;
; BYTEENA_ACLR_B                     ; NONE                 ; Untyped                     ;
; WIDTH_BYTEENA_A                    ; 1                    ; Signed Integer              ;
; WIDTH_BYTEENA_B                    ; 1                    ; Untyped                     ;
; RAM_BLOCK_TYPE                     ; M9K                  ; Untyped                     ;
; BYTE_SIZE                          ; 8                    ; Untyped                     ;
; READ_DURING_WRITE_MODE_MIXED_PORTS ; DONT_CARE            ; Untyped                     ;
; READ_DURING_WRITE_MODE_PORT_A      ; NEW_DATA_NO_NBE_READ ; Untyped                     ;
; READ_DURING_WRITE_MODE_PORT_B      ; NEW_DATA_NO_NBE_READ ; Untyped                     ;
; INIT_FILE                          ; IRAM_Init.mif        ; Untyped                     ;
; INIT_FILE_LAYOUT                   ; PORT_A               ; Untyped                     ;
; MAXIMUM_DEPTH                      ; 0                    ; Untyped                     ;
; CLOCK_ENABLE_INPUT_A               ; BYPASS               ; Untyped                     ;
; CLOCK_ENABLE_INPUT_B               ; NORMAL               ; Untyped                     ;
; CLOCK_ENABLE_OUTPUT_A              ; BYPASS               ; Untyped                     ;
; CLOCK_ENABLE_OUTPUT_B              ; NORMAL               ; Untyped                     ;
; CLOCK_ENABLE_CORE_A                ; USE_INPUT_CLKEN      ; Untyped                     ;
; CLOCK_ENABLE_CORE_B                ; USE_INPUT_CLKEN      ; Untyped                     ;
; ENABLE_ECC                         ; FALSE                ; Untyped                     ;
; ECC_PIPELINE_STAGE_ENABLED         ; FALSE                ; Untyped                     ;
; WIDTH_ECCSTATUS                    ; 3                    ; Untyped                     ;
; DEVICE_FAMILY                      ; Cyclone IV E         ; Untyped                     ;
; CBXI_PARAMETER                     ; altsyncram_hdm1      ; Untyped                     ;
+------------------------------------+----------------------+-----------------------------+
Note: In order to hide this table in the UI and the text report file, please set the "Show Parameter Settings in Synthesis Report" option in "Analysis and Synthesis Settings -> More Settings" to "Off".


+----------------------------------------------------------------------------------------+
; altsyncram Parameter Settings by Entity Instance                                       ;
+-------------------------------------------+--------------------------------------------+
; Name                                      ; Value                                      ;
+-------------------------------------------+--------------------------------------------+
; Number of entity instances                ; 1                                          ;
; Entity Instance                           ; IRAM:IRAM1|altsyncram:altsyncram_component ;
;     -- OPERATION_MODE                     ; SINGLE_PORT                                ;
;     -- WIDTH_A                            ; 8                                          ;
;     -- NUMWORDS_A                         ; 256                                        ;
;     -- OUTDATA_REG_A                      ; UNREGISTERED                               ;
;     -- WIDTH_B                            ; 1                                          ;
;     -- NUMWORDS_B                         ; 1                                          ;
;     -- ADDRESS_REG_B                      ; CLOCK1                                     ;
;     -- OUTDATA_REG_B                      ; UNREGISTERED                               ;
;     -- RAM_BLOCK_TYPE                     ; M9K                                        ;
;     -- READ_DURING_WRITE_MODE_MIXED_PORTS ; DONT_CARE                                  ;
+-------------------------------------------+--------------------------------------------+


+----------------------------------------------------------------------------------------------------------------------------------------------------------------------------+
; Port Connectivity Checks: "Module_Reg:PCreg"                                                                                                                               ;
+--------+-------+----------+------------------------------------------------------------------------------------------------------------------------------------------------+
; Port   ; Type  ; Severity ; Details                                                                                                                                        ;
+--------+-------+----------+------------------------------------------------------------------------------------------------------------------------------------------------+
; BusOut ; Input ; Warning  ; Input port expression (1 bits) is smaller than the input port (8 bits) it drives.  Extra input bit(s) "BusOut[7..1]" will be connected to GND. ;
+--------+-------+----------+------------------------------------------------------------------------------------------------------------------------------------------------+


+----------------------------------------------+
; Port Connectivity Checks: "Module_Reg:IRreg" ;
+------+-------+----------+--------------------+
; Port ; Type  ; Severity ; Details            ;
+------+-------+----------+--------------------+
; Wen  ; Input ; Info     ; Stuck at VCC       ;
; RST  ; Input ; Info     ; Stuck at GND       ;
; INC  ; Input ; Info     ; Stuck at GND       ;
+------+-------+----------+--------------------+


+----------------------------------------+
; Port Connectivity Checks: "IRAM:IRAM1" ;
+------+-------+----------+--------------+
; Port ; Type  ; Severity ; Details      ;
+------+-------+----------+--------------+
; data ; Input ; Info     ; Stuck at GND ;
; wren ; Input ; Info     ; Stuck at GND ;
+------+-------+----------+--------------+


+-------------------------------------------------------------------------------------------------------------------------+
; Port Connectivity Checks: "Control_Unit:CU1"                                                                            ;
+---------------+--------+----------+-------------------------------------------------------------------------------------+
; Port          ; Type   ; Severity ; Details                                                                             ;
+---------------+--------+----------+-------------------------------------------------------------------------------------+
; Z1            ; Input  ; Info     ; Stuck at GND                                                                        ;
; Z2            ; Input  ; Info     ; Stuck at GND                                                                        ;
; WRT_en[13..1] ; Output ; Info     ; Connected to dangling logic. Logic that only feeds a dangling port will be removed. ;
; INC_en[13..7] ; Output ; Info     ; Connected to dangling logic. Logic that only feeds a dangling port will be removed. ;
; RST_en[13..7] ; Output ; Info     ; Connected to dangling logic. Logic that only feeds a dangling port will be removed. ;
+---------------+--------+----------+-------------------------------------------------------------------------------------+


+---------------------------------------------------------------------------------------------------------------------------------------+
; In-System Memory Content Editor Settings                                                                                              ;
+----------------+-------------+-------+-------+------------+---------------------------------------------------------------------------+
; Instance Index ; Instance ID ; Width ; Depth ; Mode       ; Hierarchy Location                                                        ;
+----------------+-------------+-------+-------+------------+---------------------------------------------------------------------------+
; 0              ; IRAM        ; 8     ; 256   ; Read/Write ; IRAM:IRAM1|altsyncram:altsyncram_component|altsyncram_hdm1:auto_generated ;
+----------------+-------------+-------+-------+------------+---------------------------------------------------------------------------+


+-----------------------------------------------------+
; Post-Synthesis Netlist Statistics for Top Partition ;
+-----------------------+-----------------------------+
; Type                  ; Count                       ;
+-----------------------+-----------------------------+
; boundary_port         ; 73                          ;
; cycloneiii_ff         ; 111                         ;
;     CLR               ; 38                          ;
;     ENA               ; 19                          ;
;     ENA CLR           ; 7                           ;
;     ENA CLR SLD       ; 8                           ;
;     ENA SCLR          ; 9                           ;
;     ENA SCLR SLD      ; 12                          ;
;     ENA SLD           ; 1                           ;
;     plain             ; 17                          ;
; cycloneiii_lcell_comb ; 219                         ;
;     arith             ; 42                          ;
;         2 data inputs ; 42                          ;
;     normal            ; 177                         ;
;         0 data inputs ; 1                           ;
;         1 data inputs ; 3                           ;
;         2 data inputs ; 16                          ;
;         3 data inputs ; 30                          ;
;         4 data inputs ; 127                         ;
; cycloneiii_ram_block  ; 8                           ;
;                       ;                             ;
; Max LUT depth         ; 6.00                        ;
; Average LUT depth     ; 2.59                        ;
+-----------------------+-----------------------------+


+------------------------------------------------------------------+
; Post-Synthesis Netlist Statistics for Partition sld_hub:auto_hub ;
+-----------------------+------------------------------------------+
; Type                  ; Count                                    ;
+-----------------------+------------------------------------------+
; boundary_port         ; 103                                      ;
; cycloneiii_ff         ; 86                                       ;
;     CLR               ; 5                                        ;
;     ENA               ; 16                                       ;
;     ENA CLR           ; 27                                       ;
;     ENA CLR SLD       ; 1                                        ;
;     ENA SCLR          ; 5                                        ;
;     ENA SLD           ; 9                                        ;
;     SCLR              ; 7                                        ;
;     plain             ; 16                                       ;
; cycloneiii_lcell_comb ; 118                                      ;
;     arith             ; 8                                        ;
;         2 data inputs ; 8                                        ;
;     normal            ; 110                                      ;
;         0 data inputs ; 1                                        ;
;         1 data inputs ; 6                                        ;
;         2 data inputs ; 21                                       ;
;         3 data inputs ; 30                                       ;
;         4 data inputs ; 52                                       ;
;                       ;                                          ;
; Max LUT depth         ; 4.00                                     ;
; Average LUT depth     ; 1.81                                     ;
+-----------------------+------------------------------------------+


+---------------------------------+
; Elapsed Time Per Partition      ;
+------------------+--------------+
; Partition Name   ; Elapsed Time ;
+------------------+--------------+
; Top              ; 00:00:02     ;
; sld_hub:auto_hub ; 00:00:01     ;
+------------------+--------------+


+-------------------------------+
; Analysis & Synthesis Messages ;
+-------------------------------+
Info: *******************************************************************
Info: Running Quartus Prime Analysis & Synthesis
    Info: Version 19.1.0 Build 670 09/22/2019 SJ Lite Edition
    Info: Processing started: Fri Oct 30 23:57:51 2020
Info: Command: quartus_map --read_settings_files=on --write_settings_files=off Modified -c Modified
Warning (18236): Number of processors has not been specified which may cause overloading on shared machines.  Set the global assignment NUM_PARALLEL_PROCESSORS in your QSF to an appropriate value for best performance.
Info (20030): Parallel compilation is enabled and will use 4 of the 4 processors detected
Info (12021): Found 1 design units, including 1 entities, in source file topregisterwrapper.v
    Info (12023): Found entity 1: TopRegisterWrapper File: E:/FPGA/Modified/TopRegisterWrapper.v Line: 3
Info (12021): Found 1 design units, including 1 entities, in source file processor.v
    Info (12023): Found entity 1: Processor File: E:/FPGA/Modified/Processor.v Line: 4
Info (12021): Found 1 design units, including 1 entities, in source file module_rp_cp.v
    Info (12023): Found entity 1: Module_RP_CP File: E:/FPGA/Modified/Module_RP_CP.v Line: 1
Info (12021): Found 1 design units, including 1 entities, in source file module_regf.v
    Info (12023): Found entity 1: Module_RegF File: E:/FPGA/Modified/Module_RegF.v Line: 1
Info (12021): Found 1 design units, including 1 entities, in source file module_reg.v
    Info (12023): Found entity 1: Module_Reg File: E:/FPGA/Modified/Module_Reg.v Line: 1
Info (12021): Found 0 design units, including 0 entities, in source file define.v
Info (12021): Found 1 design units, including 1 entities, in source file control_unit.v
    Info (12023): Found entity 1: Control_Unit File: E:/FPGA/Modified/Control_Unit.v Line: 3
Info (12021): Found 1 design units, including 1 entities, in source file clkdiv.v
    Info (12023): Found entity 1: clkdiv File: E:/FPGA/Modified/clkdiv.v Line: 1
Info (12021): Found 1 design units, including 1 entities, in source file alu.v
    Info (12023): Found entity 1: ALU File: E:/FPGA/Modified/ALU.v Line: 4
Info (12021): Found 1 design units, including 1 entities, in source file bus_mux.v
    Info (12023): Found entity 1: BUS_MUX File: E:/FPGA/Modified/BUS_MUX.v Line: 40
Info (12021): Found 1 design units, including 1 entities, in source file pointer_mux.v
    Info (12023): Found entity 1: Pointer_MUX File: E:/FPGA/Modified/Pointer_MUX.v Line: 40
Info (12021): Found 1 design units, including 1 entities, in source file iram.v
    Info (12023): Found entity 1: IRAM File: E:/FPGA/Modified/IRAM.v Line: 40
Info (12021): Found 1 design units, including 1 entities, in source file dram.v
    Info (12023): Found entity 1: DRAM File: E:/FPGA/Modified/DRAM.v Line: 40
Info (12021): Found 1 design units, including 1 entities, in source file modified.v
    Info (12023): Found entity 1: Modified File: E:/FPGA/Modified/Modified.v Line: 4
Warning (10236): Verilog HDL Implicit Net warning at Modified.v(79): created implicit net for "IRo" File: E:/FPGA/Modified/Modified.v Line: 79
Warning (10236): Verilog HDL Implicit Net warning at Modified.v(80): created implicit net for "CLK" File: E:/FPGA/Modified/Modified.v Line: 80
Info (12127): Elaborating entity "Modified" for the top level hierarchy
Warning (10034): Output port "LEDG[7..6]" at Modified.v(8) has no driver File: E:/FPGA/Modified/Modified.v Line: 8
Info (12128): Elaborating entity "Control_Unit" for hierarchy "Control_Unit:CU1" File: E:/FPGA/Modified/Modified.v Line: 50
Info (12128): Elaborating entity "IRAM" for hierarchy "IRAM:IRAM1" File: E:/FPGA/Modified/Modified.v Line: 63
Info (12128): Elaborating entity "altsyncram" for hierarchy "IRAM:IRAM1|altsyncram:altsyncram_component" File: E:/FPGA/Modified/IRAM.v Line: 86
Info (12130): Elaborated megafunction instantiation "IRAM:IRAM1|altsyncram:altsyncram_component" File: E:/FPGA/Modified/IRAM.v Line: 86
Info (12133): Instantiated megafunction "IRAM:IRAM1|altsyncram:altsyncram_component" with the following parameter: File: E:/FPGA/Modified/IRAM.v Line: 86
    Info (12134): Parameter "clock_enable_input_a" = "BYPASS"
    Info (12134): Parameter "clock_enable_output_a" = "BYPASS"
    Info (12134): Parameter "init_file" = "IRAM_Init.mif"
    Info (12134): Parameter "intended_device_family" = "Cyclone IV E"
    Info (12134): Parameter "lpm_hint" = "ENABLE_RUNTIME_MOD=YES,INSTANCE_NAME=IRAM"
    Info (12134): Parameter "lpm_type" = "altsyncram"
    Info (12134): Parameter "numwords_a" = "256"
    Info (12134): Parameter "operation_mode" = "SINGLE_PORT"
    Info (12134): Parameter "outdata_aclr_a" = "NONE"
    Info (12134): Parameter "outdata_reg_a" = "UNREGISTERED"
    Info (12134): Parameter "power_up_uninitialized" = "FALSE"
    Info (12134): Parameter "ram_block_type" = "M9K"
    Info (12134): Parameter "read_during_write_mode_port_a" = "NEW_DATA_NO_NBE_READ"
    Info (12134): Parameter "widthad_a" = "8"
    Info (12134): Parameter "width_a" = "8"
    Info (12134): Parameter "width_byteena_a" = "1"
Info (12021): Found 1 design units, including 1 entities, in source file db/altsyncram_hdm1.tdf
    Info (12023): Found entity 1: altsyncram_hdm1 File: E:/FPGA/Modified/db/altsyncram_hdm1.tdf Line: 28
Info (12128): Elaborating entity "altsyncram_hdm1" for hierarchy "IRAM:IRAM1|altsyncram:altsyncram_component|altsyncram_hdm1:auto_generated" File: c:/intelfpga_lite/19.1/quartus/libraries/megafunctions/altsyncram.tdf Line: 792
Info (12021): Found 1 design units, including 1 entities, in source file db/altsyncram_6jc2.tdf
    Info (12023): Found entity 1: altsyncram_6jc2 File: E:/FPGA/Modified/db/altsyncram_6jc2.tdf Line: 28
Info (12128): Elaborating entity "altsyncram_6jc2" for hierarchy "IRAM:IRAM1|altsyncram:altsyncram_component|altsyncram_hdm1:auto_generated|altsyncram_6jc2:altsyncram1" File: E:/FPGA/Modified/db/altsyncram_hdm1.tdf Line: 37
Info (12128): Elaborating entity "sld_mod_ram_rom" for hierarchy "IRAM:IRAM1|altsyncram:altsyncram_component|altsyncram_hdm1:auto_generated|sld_mod_ram_rom:mgl_prim2" File: E:/FPGA/Modified/db/altsyncram_hdm1.tdf Line: 38
Info (12130): Elaborated megafunction instantiation "IRAM:IRAM1|altsyncram:altsyncram_component|altsyncram_hdm1:auto_generated|sld_mod_ram_rom:mgl_prim2" File: E:/FPGA/Modified/db/altsyncram_hdm1.tdf Line: 38
Info (12133): Instantiated megafunction "IRAM:IRAM1|altsyncram:altsyncram_component|altsyncram_hdm1:auto_generated|sld_mod_ram_rom:mgl_prim2" with the following parameter: File: E:/FPGA/Modified/db/altsyncram_hdm1.tdf Line: 38
    Info (12134): Parameter "CVALUE" = "00000000"
    Info (12134): Parameter "IS_DATA_IN_RAM" = "1"
    Info (12134): Parameter "IS_READABLE" = "1"
    Info (12134): Parameter "NODE_NAME" = "1230127437"
    Info (12134): Parameter "NUMWORDS" = "256"
    Info (12134): Parameter "SHIFT_COUNT_BITS" = "4"
    Info (12134): Parameter "WIDTH_WORD" = "8"
    Info (12134): Parameter "WIDTHAD" = "8"
Info (12128): Elaborating entity "sld_jtag_endpoint_adapter" for hierarchy "IRAM:IRAM1|altsyncram:altsyncram_component|altsyncram_hdm1:auto_generated|sld_mod_ram_rom:mgl_prim2|sld_jtag_endpoint_adapter:jtag_signal_adapter" File: c:/intelfpga_lite/19.1/quartus/libraries/megafunctions/sld_mod_ram_rom.vhd Line: 302
Info (12128): Elaborating entity "sld_jtag_endpoint_adapter_impl" for hierarchy "IRAM:IRAM1|altsyncram:altsyncram_component|altsyncram_hdm1:auto_generated|sld_mod_ram_rom:mgl_prim2|sld_jtag_endpoint_adapter:jtag_signal_adapter|sld_jtag_endpoint_adapter_impl:sld_jtag_endpoint_adapter_impl_inst" File: c:/intelfpga_lite/19.1/quartus/libraries/megafunctions/sld_jtag_endpoint_adapter.vhd Line: 232
Info (12128): Elaborating entity "sld_rom_sr" for hierarchy "IRAM:IRAM1|altsyncram:altsyncram_component|altsyncram_hdm1:auto_generated|sld_mod_ram_rom:mgl_prim2|sld_rom_sr:\ram_rom_logic_gen:name_gen:info_rom_sr" File: c:/intelfpga_lite/19.1/quartus/libraries/megafunctions/sld_mod_ram_rom.vhd Line: 828
Info (12128): Elaborating entity "Module_Reg" for hierarchy "Module_Reg:IRreg" File: E:/FPGA/Modified/Modified.v Line: 74
Info (12128): Elaborating entity "clkdiv" for hierarchy "clkdiv:clkdiv1" File: E:/FPGA/Modified/Modified.v Line: 94
Info (11170): Starting IP generation for the debug fabric: alt_sld_fab.
Info (11172): 2020.10.30.23:58:10 Progress: Loading sld30ce387f/alt_sld_fab_wrapper_hw.tcl
Info (11172): Alt_sld_fab.alt_sld_fab: SLD fabric agents which did not specify prefer_host were connected to JTAG
Info (11172): Alt_sld_fab: Generating alt_sld_fab "alt_sld_fab" for QUARTUS_SYNTH
Info (11172): Alt_sld_fab: "alt_sld_fab" instantiated alt_sld_fab "alt_sld_fab"
Info (11172): Presplit: "alt_sld_fab" instantiated altera_super_splitter "presplit"
Info (11172): Splitter: "alt_sld_fab" instantiated altera_sld_splitter "splitter"
Info (11172): Sldfabric: "alt_sld_fab" instantiated altera_sld_jtag_hub "sldfabric"
Info (11172): Ident: "alt_sld_fab" instantiated altera_connection_identification_hub "ident"
Info (11172): Alt_sld_fab: Done "alt_sld_fab" with 6 modules, 6 files
Info (11171): Finished IP generation for the debug fabric: alt_sld_fab.
Info (12021): Found 1 design units, including 1 entities, in source file db/ip/sld30ce387f/alt_sld_fab.v
    Info (12023): Found entity 1: alt_sld_fab File: E:/FPGA/Modified/db/ip/sld30ce387f/alt_sld_fab.v Line: 9
Info (12021): Found 1 design units, including 1 entities, in source file db/ip/sld30ce387f/submodules/alt_sld_fab_alt_sld_fab.v
    Info (12023): Found entity 1: alt_sld_fab_alt_sld_fab File: E:/FPGA/Modified/db/ip/sld30ce387f/submodules/alt_sld_fab_alt_sld_fab.v Line: 9
Info (12021): Found 1 design units, including 1 entities, in source file db/ip/sld30ce387f/submodules/alt_sld_fab_alt_sld_fab_ident.sv
    Info (12023): Found entity 1: alt_sld_fab_alt_sld_fab_ident File: E:/FPGA/Modified/db/ip/sld30ce387f/submodules/alt_sld_fab_alt_sld_fab_ident.sv Line: 33
Info (12021): Found 1 design units, including 1 entities, in source file db/ip/sld30ce387f/submodules/alt_sld_fab_alt_sld_fab_presplit.sv
    Info (12023): Found entity 1: alt_sld_fab_alt_sld_fab_presplit File: E:/FPGA/Modified/db/ip/sld30ce387f/submodules/alt_sld_fab_alt_sld_fab_presplit.sv Line: 3
Info (12021): Found 2 design units, including 1 entities, in source file db/ip/sld30ce387f/submodules/alt_sld_fab_alt_sld_fab_sldfabric.vhd
    Info (12022): Found design unit 1: alt_sld_fab_alt_sld_fab_sldfabric-rtl File: E:/FPGA/Modified/db/ip/sld30ce387f/submodules/alt_sld_fab_alt_sld_fab_sldfabric.vhd Line: 102
    Info (12023): Found entity 1: alt_sld_fab_alt_sld_fab_sldfabric File: E:/FPGA/Modified/db/ip/sld30ce387f/submodules/alt_sld_fab_alt_sld_fab_sldfabric.vhd Line: 11
Info (12021): Found 1 design units, including 1 entities, in source file db/ip/sld30ce387f/submodules/alt_sld_fab_alt_sld_fab_splitter.sv
    Info (12023): Found entity 1: alt_sld_fab_alt_sld_fab_splitter File: E:/FPGA/Modified/db/ip/sld30ce387f/submodules/alt_sld_fab_alt_sld_fab_splitter.sv Line: 3
Warning (12241): 1 hierarchies have connectivity warnings - see the Connectivity Checks report folder
Warning (13024): Output pins are stuck at VCC or GND
    Warning (13410): Pin "LEDG[6]" is stuck at GND File: E:/FPGA/Modified/Modified.v Line: 8
    Warning (13410): Pin "LEDG[7]" is stuck at GND File: E:/FPGA/Modified/Modified.v Line: 8
    Warning (13410): Pin "LEDR[5]" is stuck at GND File: E:/FPGA/Modified/Modified.v Line: 9
    Warning (13410): Pin "LEDR[9]" is stuck at GND File: E:/FPGA/Modified/Modified.v Line: 9
    Warning (13410): Pin "LEDR[10]" is stuck at GND File: E:/FPGA/Modified/Modified.v Line: 9
    Warning (13410): Pin "LEDR[11]" is stuck at GND File: E:/FPGA/Modified/Modified.v Line: 9
    Warning (13410): Pin "LEDR[12]" is stuck at GND File: E:/FPGA/Modified/Modified.v Line: 9
Info (286031): Timing-Driven Synthesis is running on partition "Top"
Info (17049): 1 registers lost all their fanouts during netlist optimizations.
Info (13000): Registers with preset signals will power-up high File: c:/intelfpga_lite/19.1/quartus/libraries/megafunctions/sld_jtag_hub.vhd Line: 386
Info (13003): DEV_CLRn pin will set, and not reset, register with preset signal due to NOT Gate Push-Back
Info (286031): Timing-Driven Synthesis is running on partition "sld_hub:auto_hub"
Info (16010): Generating hard_block partition "hard_block:auto_generated_inst"
    Info (16011): Adding 0 node(s), including 0 DDIO, 0 PLL, 0 transceiver and 0 LCELL
Warning (21074): Design contains 16 input pin(s) that do not drive logic
    Warning (15610): No output dependent on input pin "SW[0]" File: E:/FPGA/Modified/Modified.v Line: 7
    Warning (15610): No output dependent on input pin "SW[1]" File: E:/FPGA/Modified/Modified.v Line: 7
    Warning (15610): No output dependent on input pin "SW[2]" File: E:/FPGA/Modified/Modified.v Line: 7
    Warning (15610): No output dependent on input pin "SW[3]" File: E:/FPGA/Modified/Modified.v Line: 7
    Warning (15610): No output dependent on input pin "SW[4]" File: E:/FPGA/Modified/Modified.v Line: 7
    Warning (15610): No output dependent on input pin "SW[5]" File: E:/FPGA/Modified/Modified.v Line: 7
    Warning (15610): No output dependent on input pin "SW[6]" File: E:/FPGA/Modified/Modified.v Line: 7
    Warning (15610): No output dependent on input pin "SW[7]" File: E:/FPGA/Modified/Modified.v Line: 7
    Warning (15610): No output dependent on input pin "SW[8]" File: E:/FPGA/Modified/Modified.v Line: 7
    Warning (15610): No output dependent on input pin "SW[9]" File: E:/FPGA/Modified/Modified.v Line: 7
    Warning (15610): No output dependent on input pin "SW[10]" File: E:/FPGA/Modified/Modified.v Line: 7
    Warning (15610): No output dependent on input pin "SW[11]" File: E:/FPGA/Modified/Modified.v Line: 7
    Warning (15610): No output dependent on input pin "SW[12]" File: E:/FPGA/Modified/Modified.v Line: 7
    Warning (15610): No output dependent on input pin "SW[13]" File: E:/FPGA/Modified/Modified.v Line: 7
    Warning (15610): No output dependent on input pin "SW[14]" File: E:/FPGA/Modified/Modified.v Line: 7
    Warning (15610): No output dependent on input pin "SW[15]" File: E:/FPGA/Modified/Modified.v Line: 7
Info (21057): Implemented 447 device resources after synthesis - the final resource count might be different
    Info (21058): Implemented 22 input pins
    Info (21059): Implemented 28 output pins
    Info (21061): Implemented 388 logic cells
    Info (21064): Implemented 8 RAM segments
Info: Quartus Prime Analysis & Synthesis was successful. 0 errors, 30 warnings
    Info: Peak virtual memory: 4827 megabytes
    Info: Processing ended: Fri Oct 30 23:58:27 2020
    Info: Elapsed time: 00:00:36
    Info: Total CPU time (on all processors): 00:01:12


