Analysis & Synthesis report for modified
Wed Nov 25 22:43:02 2020
Quartus Prime Version 19.1.0 Build 670 09/22/2019 SJ Lite Edition


---------------------
; Table of Contents ;
---------------------
  1. Legal Notice
  2. Analysis & Synthesis Summary
  3. Analysis & Synthesis Settings
  4. Parallel Compilation
  5. Analysis & Synthesis Messages
  6. Analysis & Synthesis Suppressed Messages



----------------
; Legal Notice ;
----------------
Copyright (C) 2019  Intel Corporation. All rights reserved.
Your use of Intel Corporation's design tools, logic functions 
and other software and tools, and any partner logic 
functions, and any output files from any of the foregoing 
(including device programming or simulation files), and any 
associated documentation or information are expressly subject 
to the terms and conditions of the Intel Program License 
Subscription Agreement, the Intel Quartus Prime License Agreement,
the Intel FPGA IP License Agreement, or other applicable license
agreement, including, without limitation, that your use is for
the sole purpose of programming logic devices manufactured by
Intel and sold by Intel or its authorized distributors.  Please
refer to the applicable agreement for further details, at
https://fpgasoftware.intel.com/eula.



+----------------------------------------------------------------------------------+
; Analysis & Synthesis Summary                                                     ;
+------------------------------------+---------------------------------------------+
; Analysis & Synthesis Status        ; Failed - Wed Nov 25 22:43:02 2020           ;
; Quartus Prime Version              ; 19.1.0 Build 670 09/22/2019 SJ Lite Edition ;
; Revision Name                      ; modified                                    ;
; Top-level Entity Name              ; global_var                                  ;
; Family                             ; Cyclone IV E                                ;
; Total logic elements               ; N/A until Partition Merge                   ;
;     Total combinational functions  ; N/A until Partition Merge                   ;
;     Dedicated logic registers      ; N/A until Partition Merge                   ;
; Total registers                    ; N/A until Partition Merge                   ;
; Total pins                         ; N/A until Partition Merge                   ;
; Total virtual pins                 ; N/A until Partition Merge                   ;
; Total memory bits                  ; N/A until Partition Merge                   ;
; Embedded Multiplier 9-bit elements ; N/A until Partition Merge                   ;
; Total PLLs                         ; N/A until Partition Merge                   ;
+------------------------------------+---------------------------------------------+


+------------------------------------------------------------------------------------------------------------+
; Analysis & Synthesis Settings                                                                              ;
+------------------------------------------------------------------+--------------------+--------------------+
; Option                                                           ; Setting            ; Default Value      ;
+------------------------------------------------------------------+--------------------+--------------------+
; Device                                                           ; EP4CE115F29C7      ;                    ;
; Top-level entity name                                            ; global_var         ; modified           ;
; Family name                                                      ; Cyclone IV E       ; Cyclone V          ;
; Use smart compilation                                            ; Off                ; Off                ;
; Enable parallel Assembler and Timing Analyzer during compilation ; On                 ; On                 ;
; Enable compact report table                                      ; Off                ; Off                ;
; Restructure Multiplexers                                         ; Auto               ; Auto               ;
; Create Debugging Nodes for IP Cores                              ; Off                ; Off                ;
; Preserve fewer node names                                        ; On                 ; On                 ;
; Intel FPGA IP Evaluation Mode                                    ; Enable             ; Enable             ;
; Verilog Version                                                  ; Verilog_2001       ; Verilog_2001       ;
; VHDL Version                                                     ; VHDL_1993          ; VHDL_1993          ;
; State Machine Processing                                         ; Auto               ; Auto               ;
; Safe State Machine                                               ; Off                ; Off                ;
; Extract Verilog State Machines                                   ; On                 ; On                 ;
; Extract VHDL State Machines                                      ; On                 ; On                 ;
; Ignore Verilog initial constructs                                ; Off                ; Off                ;
; Iteration limit for constant Verilog loops                       ; 5000               ; 5000               ;
; Iteration limit for non-constant Verilog loops                   ; 250                ; 250                ;
; Add Pass-Through Logic to Inferred RAMs                          ; On                 ; On                 ;
; Infer RAMs from Raw Logic                                        ; On                 ; On                 ;
; Parallel Synthesis                                               ; On                 ; On                 ;
; DSP Block Balancing                                              ; Auto               ; Auto               ;
; NOT Gate Push-Back                                               ; On                 ; On                 ;
; Power-Up Don't Care                                              ; On                 ; On                 ;
; Remove Redundant Logic Cells                                     ; Off                ; Off                ;
; Remove Duplicate Registers                                       ; On                 ; On                 ;
; Ignore CARRY Buffers                                             ; Off                ; Off                ;
; Ignore CASCADE Buffers                                           ; Off                ; Off                ;
; Ignore GLOBAL Buffers                                            ; Off                ; Off                ;
; Ignore ROW GLOBAL Buffers                                        ; Off                ; Off                ;
; Ignore LCELL Buffers                                             ; Off                ; Off                ;
; Ignore SOFT Buffers                                              ; On                 ; On                 ;
; Limit AHDL Integers to 32 Bits                                   ; Off                ; Off                ;
; Optimization Technique                                           ; Balanced           ; Balanced           ;
; Carry Chain Length                                               ; 70                 ; 70                 ;
; Auto Carry Chains                                                ; On                 ; On                 ;
; Auto Open-Drain Pins                                             ; On                 ; On                 ;
; Perform WYSIWYG Primitive Resynthesis                            ; Off                ; Off                ;
; Auto ROM Replacement                                             ; On                 ; On                 ;
; Auto RAM Replacement                                             ; On                 ; On                 ;
; Auto DSP Block Replacement                                       ; On                 ; On                 ;
; Auto Shift Register Replacement                                  ; Auto               ; Auto               ;
; Allow Shift Register Merging across Hierarchies                  ; Auto               ; Auto               ;
; Auto Clock Enable Replacement                                    ; On                 ; On                 ;
; Strict RAM Replacement                                           ; Off                ; Off                ;
; Allow Synchronous Control Signals                                ; On                 ; On                 ;
; Force Use of Synchronous Clear Signals                           ; Off                ; Off                ;
; Auto RAM Block Balancing                                         ; On                 ; On                 ;
; Auto RAM to Logic Cell Conversion                                ; Off                ; Off                ;
; Auto Resource Sharing                                            ; Off                ; Off                ;
; Allow Any RAM Size For Recognition                               ; Off                ; Off                ;
; Allow Any ROM Size For Recognition                               ; Off                ; Off                ;
; Allow Any Shift Register Size For Recognition                    ; Off                ; Off                ;
; Use LogicLock Constraints during Resource Balancing              ; On                 ; On                 ;
; Ignore translate_off and synthesis_off directives                ; Off                ; Off                ;
; Timing-Driven Synthesis                                          ; On                 ; On                 ;
; Report Parameter Settings                                        ; On                 ; On                 ;
; Report Source Assignments                                        ; On                 ; On                 ;
; Report Connectivity Checks                                       ; On                 ; On                 ;
; Ignore Maximum Fan-Out Assignments                               ; Off                ; Off                ;
; Synchronization Register Chain Length                            ; 2                  ; 2                  ;
; Power Optimization During Synthesis                              ; Normal compilation ; Normal compilation ;
; HDL message level                                                ; Level2             ; Level2             ;
; Suppress Register Optimization Related Messages                  ; Off                ; Off                ;
; Number of Removed Registers Reported in Synthesis Report         ; 5000               ; 5000               ;
; Number of Swept Nodes Reported in Synthesis Report               ; 5000               ; 5000               ;
; Number of Inverted Registers Reported in Synthesis Report        ; 100                ; 100                ;
; Clock MUX Protection                                             ; On                 ; On                 ;
; Auto Gated Clock Conversion                                      ; Off                ; Off                ;
; Block Design Naming                                              ; Auto               ; Auto               ;
; SDC constraint protection                                        ; Off                ; Off                ;
; Synthesis Effort                                                 ; Auto               ; Auto               ;
; Shift Register Replacement - Allow Asynchronous Clear Signal     ; On                 ; On                 ;
; Pre-Mapping Resynthesis Optimization                             ; Off                ; Off                ;
; Analysis & Synthesis Message Level                               ; Medium             ; Medium             ;
; Disable Register Merging Across Hierarchies                      ; Auto               ; Auto               ;
; Resource Aware Inference For Block RAM                           ; On                 ; On                 ;
+------------------------------------------------------------------+--------------------+--------------------+


+------------------------------------------+
; Parallel Compilation                     ;
+----------------------------+-------------+
; Processors                 ; Number      ;
+----------------------------+-------------+
; Number detected on machine ; 4           ;
; Maximum allowed            ; 2           ;
;                            ;             ;
; Average used               ; 1.00        ;
; Maximum used               ; 1           ;
;                            ;             ;
; Usage by Processor         ; % Time Used ;
;     Processor 1            ; 100.0%      ;
+----------------------------+-------------+


+-------------------------------+
; Analysis & Synthesis Messages ;
+-------------------------------+
Info: *******************************************************************
Info: Running Quartus Prime Analysis & Synthesis
    Info: Version 19.1.0 Build 670 09/22/2019 SJ Lite Edition
    Info: Processing started: Wed Nov 25 22:42:50 2020
Info: Command: quartus_map --read_settings_files=on --write_settings_files=off modified -c modified
Warning (18236): Number of processors has not been specified which may cause overloading on shared machines.  Set the global assignment NUM_PARALLEL_PROCESSORS in your QSF to an appropriate value for best performance.
Info (20030): Parallel compilation is enabled and will use 2 of the 2 processors detected
Info (12021): Found 1 design units, including 1 entities, in source file alu.v
    Info (12023): Found entity 1: ALU File: C:/Users/dinid/Documents/GitHub/FPGA-processor-design/multicore/ALU.v Line: 4
Info (12021): Found 1 design units, including 1 entities, in source file iram.v
    Info (12023): Found entity 1: IRAM File: C:/Users/dinid/Documents/GitHub/FPGA-processor-design/multicore/IRAM.v Line: 40
Info (12021): Found 1 design units, including 1 entities, in source file dram.v
    Info (12023): Found entity 1: DRAM File: C:/Users/dinid/Documents/GitHub/FPGA-processor-design/multicore/DRAM.v Line: 40
Info (12021): Found 0 design units, including 0 entities, in source file define.v
Info (12021): Found 2 design units, including 2 entities, in source file control_unit.v
    Info (12023): Found entity 1: global_var File: C:/Users/dinid/Documents/GitHub/FPGA-processor-design/multicore/global_var.v Line: 1
    Info (12023): Found entity 2: Control_Unit File: C:/Users/dinid/Documents/GitHub/FPGA-processor-design/multicore/Control_Unit.v Line: 3
Info (12021): Found 1 design units, including 1 entities, in source file clkdiv.v
    Info (12023): Found entity 1: clkdiv File: C:/Users/dinid/Documents/GitHub/FPGA-processor-design/multicore/clkdiv.v Line: 1
Info (12021): Found 1 design units, including 1 entities, in source file char7.v
    Info (12023): Found entity 1: char7 File: C:/Users/dinid/Documents/GitHub/FPGA-processor-design/multicore/char7.v Line: 1
Info (12021): Found 1 design units, including 1 entities, in source file topregisterwrapper.v
    Info (12023): Found entity 1: TopRegisterWrapper File: C:/Users/dinid/Documents/GitHub/FPGA-processor-design/multicore/TopRegisterWrapper.v Line: 3
Info (12021): Found 1 design units, including 1 entities, in source file processor.v
    Info (12023): Found entity 1: Processor File: C:/Users/dinid/Documents/GitHub/FPGA-processor-design/multicore/Processor.v Line: 4
Info (12021): Found 1 design units, including 1 entities, in source file pointer_mux.v
    Info (12023): Found entity 1: Pointer_MUX File: C:/Users/dinid/Documents/GitHub/FPGA-processor-design/multicore/Pointer_MUX.v Line: 40
Info (12021): Found 1 design units, including 1 entities, in source file module_rp_cp.v
    Info (12023): Found entity 1: Module_RP_CP File: C:/Users/dinid/Documents/GitHub/FPGA-processor-design/multicore/Module_RP_CP.v Line: 1
Info (12021): Found 1 design units, including 1 entities, in source file module_regf.v
    Info (12023): Found entity 1: Module_RegF File: C:/Users/dinid/Documents/GitHub/FPGA-processor-design/multicore/Module_RegF.v Line: 1
Info (12021): Found 1 design units, including 1 entities, in source file module_regcid.v
    Info (12023): Found entity 1: Module_RegCID File: C:/Users/dinid/Documents/GitHub/FPGA-processor-design/multicore/Module_RegCID.v Line: 1
Info (12021): Found 1 design units, including 1 entities, in source file module_reg.v
    Info (12023): Found entity 1: Module_Reg File: C:/Users/dinid/Documents/GitHub/FPGA-processor-design/multicore/Module_Reg.v Line: 1
Info (12021): Found 1 design units, including 1 entities, in source file modified.v
    Info (12023): Found entity 1: Modified File: C:/Users/dinid/Documents/GitHub/FPGA-processor-design/multicore/Modified.v Line: 4
Info (12021): Found 1 design units, including 1 entities, in source file bus_mux.v
    Info (12023): Found entity 1: BUS_MUX File: C:/Users/dinid/Documents/GitHub/FPGA-processor-design/multicore/BUS_MUX.v Line: 40
Info (12021): Found 1 design units, including 1 entities, in source file proc.v
    Info (12023): Found entity 1: proc File: C:/Users/dinid/Documents/GitHub/FPGA-processor-design/multicore/proc.v Line: 1
Info (12021): Found 1 design units, including 1 entities, in source file reg_wrap.v
    Info (12023): Found entity 1: REG_WRAP File: C:/Users/dinid/Documents/GitHub/FPGA-processor-design/multicore/REG_WRAP.v Line: 3
Info (12021): Found 2 design units, including 2 entities, in source file buffer.v
    Info (12023): Found entity 1: buffer_iobuf_out_k5t File: C:/Users/dinid/Documents/GitHub/FPGA-processor-design/multicore/buffer.v Line: 47
    Info (12023): Found entity 2: buffer File: C:/Users/dinid/Documents/GitHub/FPGA-processor-design/multicore/buffer.v Line: 265
Info (12021): Found 1 design units, including 1 entities, in source file iram_manager.v
    Info (12023): Found entity 1: IRAM_Manager File: C:/Users/dinid/Documents/GitHub/FPGA-processor-design/multicore/IRAM_Manager.v Line: 1
Info (12021): Found 1 design units, including 1 entities, in source file module_regcid1.v
    Info (12023): Found entity 1: Module_RegCID1 File: C:/Users/dinid/Documents/GitHub/FPGA-processor-design/multicore/Module_RegCID1.v Line: 1
Info (12021): Found 1 design units, including 1 entities, in source file check.v
    Info (12023): Found entity 1: check File: C:/Users/dinid/Documents/GitHub/FPGA-processor-design/multicore/check.v Line: 3
Info (12021): Found 1 design units, including 1 entities, in source file core.v
    Info (12023): Found entity 1: core File: C:/Users/dinid/Documents/GitHub/FPGA-processor-design/multicore/core.v Line: 1
Error (10228): Verilog HDL error at global_var.v(1): module "global_var" cannot be declared more than once File: C:/Users/dinid/Documents/GitHub/FPGA-processor-design/multicore/global_var.v Line: 1
Info (10499): HDL info at global_var.v(1): see declaration for object "global_var" File: C:/Users/dinid/Documents/GitHub/FPGA-processor-design/multicore/global_var.v Line: 1
Info (12021): Found 0 design units, including 0 entities, in source file global_var.v
Info (144001): Generated suppressed messages file C:/Users/dinid/Documents/GitHub/FPGA-processor-design/multicore/output_files/modified.map.smsg
Error: Quartus Prime Analysis & Synthesis was unsuccessful. 1 error, 1 warning
    Error: Peak virtual memory: 4717 megabytes
    Error: Processing ended: Wed Nov 25 22:43:02 2020
    Error: Elapsed time: 00:00:12
    Error: Total CPU time (on all processors): 00:00:28


+------------------------------------------+
; Analysis & Synthesis Suppressed Messages ;
+------------------------------------------+
The suppressed messages can be found in C:/Users/dinid/Documents/GitHub/FPGA-processor-design/multicore/output_files/modified.map.smsg.


