Analysis & Elaboration report for MatrixMul
Sun Jul 11 13:32:39 2021
Quartus Prime Version 20.1.1 Build 720 11/11/2020 SJ Lite Edition


---------------------
; Table of Contents ;
---------------------
  1. Legal Notice
  2. Analysis & Elaboration Summary
  3. Parallel Compilation
  4. Parameter Settings for User Entity Instance: Top-level Entity: |Module_RegF
  5. Analysis & Elaboration Settings
  6. Analysis & Elaboration Messages
  7. Analysis & Elaboration Suppressed Messages



----------------
; Legal Notice ;
----------------
Copyright (C) 2020  Intel Corporation. All rights reserved.
Your use of Intel Corporation's design tools, logic functions 
and other software and tools, and any partner logic 
functions, and any output files from any of the foregoing 
(including device programming or simulation files), and any 
associated documentation or information are expressly subject 
to the terms and conditions of the Intel Program License 
Subscription Agreement, the Intel Quartus Prime License Agreement,
the Intel FPGA IP License Agreement, or other applicable license
agreement, including, without limitation, that your use is for
the sole purpose of programming logic devices manufactured by
Intel and sold by Intel or its authorized distributors.  Please
refer to the applicable agreement for further details, at
https://fpgasoftware.intel.com/eula.



+----------------------------------------------------------------------------------+
; Analysis & Elaboration Summary                                                   ;
+------------------------------------+---------------------------------------------+
; Analysis & Elaboration Status      ; Successful - Sun Jul 11 13:32:39 2021       ;
; Quartus Prime Version              ; 20.1.1 Build 720 11/11/2020 SJ Lite Edition ;
; Revision Name                      ; MatrixMul                                   ;
; Top-level Entity Name              ; Module_RegF                                 ;
; Family                             ; Cyclone IV E                                ;
; Total logic elements               ; N/A until Partition Merge                   ;
;     Total combinational functions  ; N/A until Partition Merge                   ;
;     Dedicated logic registers      ; N/A until Partition Merge                   ;
; Total registers                    ; N/A until Partition Merge                   ;
; Total pins                         ; N/A until Partition Merge                   ;
; Total virtual pins                 ; N/A until Partition Merge                   ;
; Total memory bits                  ; N/A until Partition Merge                   ;
; Embedded Multiplier 9-bit elements ; N/A until Partition Merge                   ;
; Total PLLs                         ; N/A until Partition Merge                   ;
+------------------------------------+---------------------------------------------+


+------------------------------------------+
; Parallel Compilation                     ;
+----------------------------+-------------+
; Processors                 ; Number      ;
+----------------------------+-------------+
; Number detected on machine ; 8           ;
; Maximum allowed            ; 4           ;
;                            ;             ;
; Average used               ; 1.00        ;
; Maximum used               ; 1           ;
;                            ;             ;
; Usage by Processor         ; % Time Used ;
;     Processor 1            ; 100.0%      ;
+----------------------------+-------------+


+-----------------------------------------------------------------------------+
; Parameter Settings for User Entity Instance: Top-level Entity: |Module_RegF ;
+----------------+----------+-------------------------------------------------+
; Parameter Name ; Value    ; Type                                            ;
+----------------+----------+-------------------------------------------------+
; Sval           ; 00000000 ; Unsigned Binary                                 ;
+----------------+----------+-------------------------------------------------+
Note: In order to hide this table in the UI and the text report file, please set the "Show Parameter Settings in Synthesis Report" option in "Analysis and Synthesis Settings -> More Settings" to "Off".


+------------------------------------------------------------------------------------------------------------+
; Analysis & Elaboration Settings                                                                            ;
+------------------------------------------------------------------+--------------------+--------------------+
; Option                                                           ; Setting            ; Default Value      ;
+------------------------------------------------------------------+--------------------+--------------------+
; Device                                                           ; EP4CE75F29C7       ;                    ;
; Top-level entity name                                            ; Module_RegF        ; MatrixMul          ;
; Family name                                                      ; Cyclone IV E       ; Cyclone V          ;
; Use smart compilation                                            ; Off                ; Off                ;
; Enable parallel Assembler and Timing Analyzer during compilation ; On                 ; On                 ;
; Enable compact report table                                      ; Off                ; Off                ;
; Restructure Multiplexers                                         ; Auto               ; Auto               ;
; Create Debugging Nodes for IP Cores                              ; Off                ; Off                ;
; Preserve fewer node names                                        ; On                 ; On                 ;
; Intel FPGA IP Evaluation Mode                                    ; Enable             ; Enable             ;
; Verilog Version                                                  ; Verilog_2001       ; Verilog_2001       ;
; VHDL Version                                                     ; VHDL_1993          ; VHDL_1993          ;
; State Machine Processing                                         ; Auto               ; Auto               ;
; Safe State Machine                                               ; Off                ; Off                ;
; Extract Verilog State Machines                                   ; On                 ; On                 ;
; Extract VHDL State Machines                                      ; On                 ; On                 ;
; Ignore Verilog initial constructs                                ; Off                ; Off                ;
; Iteration limit for constant Verilog loops                       ; 5000               ; 5000               ;
; Iteration limit for non-constant Verilog loops                   ; 250                ; 250                ;
; Add Pass-Through Logic to Inferred RAMs                          ; On                 ; On                 ;
; Infer RAMs from Raw Logic                                        ; On                 ; On                 ;
; Parallel Synthesis                                               ; On                 ; On                 ;
; DSP Block Balancing                                              ; Auto               ; Auto               ;
; NOT Gate Push-Back                                               ; On                 ; On                 ;
; Power-Up Don't Care                                              ; On                 ; On                 ;
; Remove Redundant Logic Cells                                     ; Off                ; Off                ;
; Remove Duplicate Registers                                       ; On                 ; On                 ;
; Ignore CARRY Buffers                                             ; Off                ; Off                ;
; Ignore CASCADE Buffers                                           ; Off                ; Off                ;
; Ignore GLOBAL Buffers                                            ; Off                ; Off                ;
; Ignore ROW GLOBAL Buffers                                        ; Off                ; Off                ;
; Ignore LCELL Buffers                                             ; Off                ; Off                ;
; Ignore SOFT Buffers                                              ; On                 ; On                 ;
; Limit AHDL Integers to 32 Bits                                   ; Off                ; Off                ;
; Optimization Technique                                           ; Balanced           ; Balanced           ;
; Carry Chain Length                                               ; 70                 ; 70                 ;
; Auto Carry Chains                                                ; On                 ; On                 ;
; Auto Open-Drain Pins                                             ; On                 ; On                 ;
; Perform WYSIWYG Primitive Resynthesis                            ; Off                ; Off                ;
; Auto ROM Replacement                                             ; On                 ; On                 ;
; Auto RAM Replacement                                             ; On                 ; On                 ;
; Auto DSP Block Replacement                                       ; On                 ; On                 ;
; Auto Shift Register Replacement                                  ; Auto               ; Auto               ;
; Allow Shift Register Merging across Hierarchies                  ; Auto               ; Auto               ;
; Auto Clock Enable Replacement                                    ; On                 ; On                 ;
; Strict RAM Replacement                                           ; Off                ; Off                ;
; Allow Synchronous Control Signals                                ; On                 ; On                 ;
; Force Use of Synchronous Clear Signals                           ; Off                ; Off                ;
; Auto RAM Block Balancing                                         ; On                 ; On                 ;
; Auto RAM to Logic Cell Conversion                                ; Off                ; Off                ;
; Auto Resource Sharing                                            ; Off                ; Off                ;
; Allow Any RAM Size For Recognition                               ; Off                ; Off                ;
; Allow Any ROM Size For Recognition                               ; Off                ; Off                ;
; Allow Any Shift Register Size For Recognition                    ; Off                ; Off                ;
; Use LogicLock Constraints during Resource Balancing              ; On                 ; On                 ;
; Ignore translate_off and synthesis_off directives                ; Off                ; Off                ;
; Timing-Driven Synthesis                                          ; On                 ; On                 ;
; Report Parameter Settings                                        ; On                 ; On                 ;
; Report Source Assignments                                        ; On                 ; On                 ;
; Report Connectivity Checks                                       ; On                 ; On                 ;
; Ignore Maximum Fan-Out Assignments                               ; Off                ; Off                ;
; Synchronization Register Chain Length                            ; 2                  ; 2                  ;
; Power Optimization During Synthesis                              ; Normal compilation ; Normal compilation ;
; HDL message level                                                ; Level2             ; Level2             ;
; Suppress Register Optimization Related Messages                  ; Off                ; Off                ;
; Number of Removed Registers Reported in Synthesis Report         ; 5000               ; 5000               ;
; Number of Swept Nodes Reported in Synthesis Report               ; 5000               ; 5000               ;
; Number of Inverted Registers Reported in Synthesis Report        ; 100                ; 100                ;
; Clock MUX Protection                                             ; On                 ; On                 ;
; Auto Gated Clock Conversion                                      ; Off                ; Off                ;
; Block Design Naming                                              ; Auto               ; Auto               ;
; SDC constraint protection                                        ; Off                ; Off                ;
; Synthesis Effort                                                 ; Auto               ; Auto               ;
; Shift Register Replacement - Allow Asynchronous Clear Signal     ; On                 ; On                 ;
; Pre-Mapping Resynthesis Optimization                             ; Off                ; Off                ;
; Analysis & Synthesis Message Level                               ; Medium             ; Medium             ;
; Disable Register Merging Across Hierarchies                      ; Auto               ; Auto               ;
; Resource Aware Inference For Block RAM                           ; On                 ; On                 ;
+------------------------------------------------------------------+--------------------+--------------------+


+---------------------------------+
; Analysis & Elaboration Messages ;
+---------------------------------+
Info: *******************************************************************
Info: Running Quartus Prime Analysis & Elaboration
    Info: Version 20.1.1 Build 720 11/11/2020 SJ Lite Edition
    Info: Processing started: Sun Jul 11 13:32:26 2021
Info: Command: quartus_map --read_settings_files=on --write_settings_files=off MatrixMul -c MatrixMul --analysis_and_elaboration
Warning (18236): Number of processors has not been specified which may cause overloading on shared machines.  Set the global assignment NUM_PARALLEL_PROCESSORS in your QSF to an appropriate value for best performance.
Info (20030): Parallel compilation is enabled and will use 4 of the 4 processors detected
Info (12021): Found 1 design units, including 1 entities, in source file testwrap.v
    Info (12023): Found entity 1: TestWrap File: C:/Users/inesh/Documents/CSD-Project/SIMD/FPGA-processor-design/src/TestWrap.v Line: 2
Info (12021): Found 1 design units, including 1 entities, in source file testbench.v
    Info (12023): Found entity 1: testbench File: C:/Users/inesh/Documents/CSD-Project/SIMD/FPGA-processor-design/src/testbench.v Line: 7
Info (12021): Found 1 design units, including 1 entities, in source file singlecore.v
    Info (12023): Found entity 1: singlecore File: C:/Users/inesh/Documents/CSD-Project/SIMD/FPGA-processor-design/src/singlecore.v Line: 4
Info (12021): Found 1 design units, including 1 entities, in source file pointer_mux.v
    Info (12023): Found entity 1: Pointer_MUX File: C:/Users/inesh/Documents/CSD-Project/SIMD/FPGA-processor-design/src/Pointer_MUX.v Line: 40
Info (12021): Found 1 design units, including 1 entities, in source file pll.v
    Info (12023): Found entity 1: PLL File: C:/Users/inesh/Documents/CSD-Project/SIMD/FPGA-processor-design/src/PLL.v Line: 40
Info (12021): Found 1 design units, including 1 entities, in source file module_rp_cp.v
    Info (12023): Found entity 1: Module_RP_CP File: C:/Users/inesh/Documents/CSD-Project/SIMD/FPGA-processor-design/src/Module_RP_CP.v Line: 1
Info (12021): Found 1 design units, including 1 entities, in source file module_regf.v
    Info (12023): Found entity 1: Module_RegF File: C:/Users/inesh/Documents/CSD-Project/SIMD/FPGA-processor-design/src/Module_RegF.v Line: 1
Info (12021): Found 1 design units, including 1 entities, in source file module_reg.v
    Info (12023): Found entity 1: Module_Reg File: C:/Users/inesh/Documents/CSD-Project/SIMD/FPGA-processor-design/src/Module_Reg.v Line: 1
Info (12021): Found 1 design units, including 1 entities, in source file modified8.v
    Info (12023): Found entity 1: Modified8 File: C:/Users/inesh/Documents/CSD-Project/SIMD/FPGA-processor-design/src/Modified8.v Line: 4
Info (12021): Found 1 design units, including 1 entities, in source file modified4.v
    Info (12023): Found entity 1: Modified4 File: C:/Users/inesh/Documents/CSD-Project/SIMD/FPGA-processor-design/src/Modified4.v Line: 4
Info (12021): Found 1 design units, including 1 entities, in source file modified3.v
    Info (12023): Found entity 1: Modified3 File: C:/Users/inesh/Documents/CSD-Project/SIMD/FPGA-processor-design/src/Modified3.v Line: 4
Info (12021): Found 1 design units, including 1 entities, in source file modified.v
    Info (12023): Found entity 1: Modified File: C:/Users/inesh/Documents/CSD-Project/SIMD/FPGA-processor-design/src/Modified.v Line: 4
Info (12021): Found 1 design units, including 1 entities, in source file memcontroller8.v
    Info (12023): Found entity 1: MemController8 File: C:/Users/inesh/Documents/CSD-Project/SIMD/FPGA-processor-design/src/MemController8.v Line: 1
Info (12021): Found 1 design units, including 1 entities, in source file memcontroller4.v
    Info (12023): Found entity 1: MemController4 File: C:/Users/inesh/Documents/CSD-Project/SIMD/FPGA-processor-design/src/MemController4.v Line: 1
Info (12021): Found 1 design units, including 1 entities, in source file memcontroller3.v
    Info (12023): Found entity 1: MemController3 File: C:/Users/inesh/Documents/CSD-Project/SIMD/FPGA-processor-design/src/MemController3.v Line: 1
Info (12021): Found 1 design units, including 1 entities, in source file memcontroller.v
    Info (12023): Found entity 1: MemController File: C:/Users/inesh/Documents/CSD-Project/SIMD/FPGA-processor-design/src/MemController.v Line: 1
Info (12021): Found 1 design units, including 1 entities, in source file iram.v
    Info (12023): Found entity 1: IRAM File: C:/Users/inesh/Documents/CSD-Project/SIMD/FPGA-processor-design/src/IRAM.v Line: 40
Info (12021): Found 1 design units, including 1 entities, in source file imemcontroller8.v
    Info (12023): Found entity 1: IMemController8 File: C:/Users/inesh/Documents/CSD-Project/SIMD/FPGA-processor-design/src/IMemController8.v Line: 1
Info (12021): Found 1 design units, including 1 entities, in source file imemcontroller4.v
    Info (12023): Found entity 1: IMemController4 File: C:/Users/inesh/Documents/CSD-Project/SIMD/FPGA-processor-design/src/IMemController4.v Line: 1
Info (12021): Found 1 design units, including 1 entities, in source file imemcontroller3.v
    Info (12023): Found entity 1: IMemController3 File: C:/Users/inesh/Documents/CSD-Project/SIMD/FPGA-processor-design/src/IMemController3.v Line: 1
Info (12021): Found 1 design units, including 1 entities, in source file dram.v
    Info (12023): Found entity 1: DRAM File: C:/Users/inesh/Documents/CSD-Project/SIMD/FPGA-processor-design/src/DRAM.v Line: 40
Info (12021): Found 0 design units, including 0 entities, in source file define.v
Info (12021): Found 1 design units, including 1 entities, in source file core.v
    Info (12023): Found entity 1: core File: C:/Users/inesh/Documents/CSD-Project/SIMD/FPGA-processor-design/src/core.v Line: 4
Info (12021): Found 1 design units, including 1 entities, in source file control_unit.v
    Info (12023): Found entity 1: Control_Unit File: C:/Users/inesh/Documents/CSD-Project/SIMD/FPGA-processor-design/src/Control_Unit.v Line: 3
Info (12021): Found 1 design units, including 1 entities, in source file clkdiv.v
    Info (12023): Found entity 1: clkdiv File: C:/Users/inesh/Documents/CSD-Project/SIMD/FPGA-processor-design/src/clkdiv.v Line: 1
Info (12021): Found 1 design units, including 1 entities, in source file char7.v
    Info (12023): Found entity 1: char7 File: C:/Users/inesh/Documents/CSD-Project/SIMD/FPGA-processor-design/src/char7.v Line: 1
Info (12021): Found 1 design units, including 1 entities, in source file bus_mux.v
    Info (12023): Found entity 1: BUS_MUX File: C:/Users/inesh/Documents/CSD-Project/SIMD/FPGA-processor-design/src/BUS_MUX.v Line: 40
Info (12021): Found 1 design units, including 1 entities, in source file alu.v
    Info (12023): Found entity 1: ALU File: C:/Users/inesh/Documents/CSD-Project/SIMD/FPGA-processor-design/src/ALU.v Line: 4
Warning (10222): Verilog HDL Parameter Declaration warning at MemController.v(30): Parameter Declaration in module "MemController" behaves as a Local Parameter Declaration because the module has a Module Parameter Port List File: C:/Users/inesh/Documents/CSD-Project/SIMD/FPGA-processor-design/src/MemController.v Line: 30
Warning (10222): Verilog HDL Parameter Declaration warning at MemController3.v(29): Parameter Declaration in module "MemController3" behaves as a Local Parameter Declaration because the module has a Module Parameter Port List File: C:/Users/inesh/Documents/CSD-Project/SIMD/FPGA-processor-design/src/MemController3.v Line: 29
Warning (10222): Verilog HDL Parameter Declaration warning at MemController8.v(28): Parameter Declaration in module "MemController8" behaves as a Local Parameter Declaration because the module has a Module Parameter Port List File: C:/Users/inesh/Documents/CSD-Project/SIMD/FPGA-processor-design/src/MemController8.v Line: 28
Warning (10222): Verilog HDL Parameter Declaration warning at IMemController8.v(28): Parameter Declaration in module "IMemController8" behaves as a Local Parameter Declaration because the module has a Module Parameter Port List File: C:/Users/inesh/Documents/CSD-Project/SIMD/FPGA-processor-design/src/IMemController8.v Line: 28
Warning (10222): Verilog HDL Parameter Declaration warning at MemController4.v(28): Parameter Declaration in module "MemController4" behaves as a Local Parameter Declaration because the module has a Module Parameter Port List File: C:/Users/inesh/Documents/CSD-Project/SIMD/FPGA-processor-design/src/MemController4.v Line: 28
Warning (10222): Verilog HDL Parameter Declaration warning at IMemController4.v(28): Parameter Declaration in module "IMemController4" behaves as a Local Parameter Declaration because the module has a Module Parameter Port List File: C:/Users/inesh/Documents/CSD-Project/SIMD/FPGA-processor-design/src/IMemController4.v Line: 28
Warning (10222): Verilog HDL Parameter Declaration warning at IMemController3.v(28): Parameter Declaration in module "IMemController3" behaves as a Local Parameter Declaration because the module has a Module Parameter Port List File: C:/Users/inesh/Documents/CSD-Project/SIMD/FPGA-processor-design/src/IMemController3.v Line: 28
Info (12127): Elaborating entity "Module_RegF" for the top level hierarchy
Info (144001): Generated suppressed messages file C:/Users/inesh/Documents/CSD-Project/SIMD/FPGA-processor-design/src/output_files/MatrixMul.map.smsg
Info: Quartus Prime Analysis & Elaboration was successful. 0 errors, 9 warnings
    Info: Peak virtual memory: 4713 megabytes
    Info: Processing ended: Sun Jul 11 13:32:39 2021
    Info: Elapsed time: 00:00:13
    Info: Total CPU time (on all processors): 00:00:23


+--------------------------------------------+
; Analysis & Elaboration Suppressed Messages ;
+--------------------------------------------+
The suppressed messages can be found in C:/Users/inesh/Documents/CSD-Project/SIMD/FPGA-processor-design/src/output_files/MatrixMul.map.smsg.


