Analysis & Synthesis report for Singlecore-hasini
Mon Jul 05 14:00:56 2021
Quartus Prime Version 20.1.1 Build 720 11/11/2020 SJ Lite Edition


---------------------
; Table of Contents ;
---------------------
  1. Legal Notice
  2. Analysis & Synthesis Summary
  3. Analysis & Synthesis Settings
  4. Parallel Compilation
  5. Analysis & Synthesis Source Files Read
  6. Analysis & Synthesis Resource Usage Summary
  7. Analysis & Synthesis Resource Utilization by Entity
  8. Analysis & Synthesis RAM Summary
  9. Registers Removed During Synthesis
 10. General Register Statistics
 11. Inverted Register Statistics
 12. Registers Packed Into Inferred Megafunctions
 13. Source assignments for altsyncram:WideOr11_rtl_0|altsyncram_l511:auto_generated
 14. Parameter Settings for Inferred Entity Instance: altsyncram:WideOr11_rtl_0
 15. altsyncram Parameter Settings by Entity Instance
 16. Post-Synthesis Netlist Statistics for Top Partition
 17. Elapsed Time Per Partition
 18. Analysis & Synthesis Messages
 19. Analysis & Synthesis Suppressed Messages



----------------
; Legal Notice ;
----------------
Copyright (C) 2020  Intel Corporation. All rights reserved.
Your use of Intel Corporation's design tools, logic functions 
and other software and tools, and any partner logic 
functions, and any output files from any of the foregoing 
(including device programming or simulation files), and any 
associated documentation or information are expressly subject 
to the terms and conditions of the Intel Program License 
Subscription Agreement, the Intel Quartus Prime License Agreement,
the Intel FPGA IP License Agreement, or other applicable license
agreement, including, without limitation, that your use is for
the sole purpose of programming logic devices manufactured by
Intel and sold by Intel or its authorized distributors.  Please
refer to the applicable agreement for further details, at
https://fpgasoftware.intel.com/eula.



+----------------------------------------------------------------------------------+
; Analysis & Synthesis Summary                                                     ;
+------------------------------------+---------------------------------------------+
; Analysis & Synthesis Status        ; Successful - Mon Jul 05 14:00:56 2021       ;
; Quartus Prime Version              ; 20.1.1 Build 720 11/11/2020 SJ Lite Edition ;
; Revision Name                      ; Singlecore-hasini                           ;
; Top-level Entity Name              ; Control_Unit                                ;
; Family                             ; Cyclone IV E                                ;
; Total logic elements               ; 124                                         ;
;     Total combinational functions  ; 118                                         ;
;     Dedicated logic registers      ; 32                                          ;
; Total registers                    ; 32                                          ;
; Total pins                         ; 69                                          ;
; Total virtual pins                 ; 0                                           ;
; Total memory bits                  ; 5,120                                       ;
; Embedded Multiplier 9-bit elements ; 0                                           ;
; Total PLLs                         ; 0                                           ;
+------------------------------------+---------------------------------------------+


+------------------------------------------------------------------------------------------------------------+
; Analysis & Synthesis Settings                                                                              ;
+------------------------------------------------------------------+--------------------+--------------------+
; Option                                                           ; Setting            ; Default Value      ;
+------------------------------------------------------------------+--------------------+--------------------+
; Device                                                           ; EP4CE75F29C7       ;                    ;
; Top-level entity name                                            ; Control_Unit       ; Singlecore-hasini  ;
; Family name                                                      ; Cyclone IV E       ; Cyclone V          ;
; Use smart compilation                                            ; Off                ; Off                ;
; Enable parallel Assembler and Timing Analyzer during compilation ; On                 ; On                 ;
; Enable compact report table                                      ; Off                ; Off                ;
; Restructure Multiplexers                                         ; Auto               ; Auto               ;
; Create Debugging Nodes for IP Cores                              ; Off                ; Off                ;
; Preserve fewer node names                                        ; On                 ; On                 ;
; Intel FPGA IP Evaluation Mode                                    ; Enable             ; Enable             ;
; Verilog Version                                                  ; Verilog_2001       ; Verilog_2001       ;
; VHDL Version                                                     ; VHDL_1993          ; VHDL_1993          ;
; State Machine Processing                                         ; Auto               ; Auto               ;
; Safe State Machine                                               ; Off                ; Off                ;
; Extract Verilog State Machines                                   ; On                 ; On                 ;
; Extract VHDL State Machines                                      ; On                 ; On                 ;
; Ignore Verilog initial constructs                                ; Off                ; Off                ;
; Iteration limit for constant Verilog loops                       ; 5000               ; 5000               ;
; Iteration limit for non-constant Verilog loops                   ; 250                ; 250                ;
; Add Pass-Through Logic to Inferred RAMs                          ; On                 ; On                 ;
; Infer RAMs from Raw Logic                                        ; On                 ; On                 ;
; Parallel Synthesis                                               ; On                 ; On                 ;
; DSP Block Balancing                                              ; Auto               ; Auto               ;
; NOT Gate Push-Back                                               ; On                 ; On                 ;
; Power-Up Don't Care                                              ; On                 ; On                 ;
; Remove Redundant Logic Cells                                     ; Off                ; Off                ;
; Remove Duplicate Registers                                       ; On                 ; On                 ;
; Ignore CARRY Buffers                                             ; Off                ; Off                ;
; Ignore CASCADE Buffers                                           ; Off                ; Off                ;
; Ignore GLOBAL Buffers                                            ; Off                ; Off                ;
; Ignore ROW GLOBAL Buffers                                        ; Off                ; Off                ;
; Ignore LCELL Buffers                                             ; Off                ; Off                ;
; Ignore SOFT Buffers                                              ; On                 ; On                 ;
; Limit AHDL Integers to 32 Bits                                   ; Off                ; Off                ;
; Optimization Technique                                           ; Balanced           ; Balanced           ;
; Carry Chain Length                                               ; 70                 ; 70                 ;
; Auto Carry Chains                                                ; On                 ; On                 ;
; Auto Open-Drain Pins                                             ; On                 ; On                 ;
; Perform WYSIWYG Primitive Resynthesis                            ; Off                ; Off                ;
; Auto ROM Replacement                                             ; On                 ; On                 ;
; Auto RAM Replacement                                             ; On                 ; On                 ;
; Auto DSP Block Replacement                                       ; On                 ; On                 ;
; Auto Shift Register Replacement                                  ; Auto               ; Auto               ;
; Allow Shift Register Merging across Hierarchies                  ; Auto               ; Auto               ;
; Auto Clock Enable Replacement                                    ; On                 ; On                 ;
; Strict RAM Replacement                                           ; Off                ; Off                ;
; Allow Synchronous Control Signals                                ; On                 ; On                 ;
; Force Use of Synchronous Clear Signals                           ; Off                ; Off                ;
; Auto RAM Block Balancing                                         ; On                 ; On                 ;
; Auto RAM to Logic Cell Conversion                                ; Off                ; Off                ;
; Auto Resource Sharing                                            ; Off                ; Off                ;
; Allow Any RAM Size For Recognition                               ; Off                ; Off                ;
; Allow Any ROM Size For Recognition                               ; Off                ; Off                ;
; Allow Any Shift Register Size For Recognition                    ; Off                ; Off                ;
; Use LogicLock Constraints during Resource Balancing              ; On                 ; On                 ;
; Ignore translate_off and synthesis_off directives                ; Off                ; Off                ;
; Timing-Driven Synthesis                                          ; On                 ; On                 ;
; Report Parameter Settings                                        ; On                 ; On                 ;
; Report Source Assignments                                        ; On                 ; On                 ;
; Report Connectivity Checks                                       ; On                 ; On                 ;
; Ignore Maximum Fan-Out Assignments                               ; Off                ; Off                ;
; Synchronization Register Chain Length                            ; 2                  ; 2                  ;
; Power Optimization During Synthesis                              ; Normal compilation ; Normal compilation ;
; HDL message level                                                ; Level2             ; Level2             ;
; Suppress Register Optimization Related Messages                  ; Off                ; Off                ;
; Number of Removed Registers Reported in Synthesis Report         ; 5000               ; 5000               ;
; Number of Swept Nodes Reported in Synthesis Report               ; 5000               ; 5000               ;
; Number of Inverted Registers Reported in Synthesis Report        ; 100                ; 100                ;
; Clock MUX Protection                                             ; On                 ; On                 ;
; Auto Gated Clock Conversion                                      ; Off                ; Off                ;
; Block Design Naming                                              ; Auto               ; Auto               ;
; SDC constraint protection                                        ; Off                ; Off                ;
; Synthesis Effort                                                 ; Auto               ; Auto               ;
; Shift Register Replacement - Allow Asynchronous Clear Signal     ; On                 ; On                 ;
; Pre-Mapping Resynthesis Optimization                             ; Off                ; Off                ;
; Analysis & Synthesis Message Level                               ; Medium             ; Medium             ;
; Disable Register Merging Across Hierarchies                      ; Auto               ; Auto               ;
; Resource Aware Inference For Block RAM                           ; On                 ; On                 ;
+------------------------------------------------------------------+--------------------+--------------------+


+------------------------------------------+
; Parallel Compilation                     ;
+----------------------------+-------------+
; Processors                 ; Number      ;
+----------------------------+-------------+
; Number detected on machine ; 8           ;
; Maximum allowed            ; 4           ;
;                            ;             ;
; Average used               ; 1.00        ;
; Maximum used               ; 4           ;
;                            ;             ;
; Usage by Processor         ; % Time Used ;
;     Processor 1            ; 100.0%      ;
;     Processors 2-4         ;   0.0%      ;
+----------------------------+-------------+


+----------------------------------------------------------------------------------------------------------------------------------------------------------------------------+
; Analysis & Synthesis Source Files Read                                                                                                                                     ;
+----------------------------------+-----------------+------------------------------+------------------------------------------------------------------------------+---------+
; File Name with User-Entered Path ; Used in Netlist ; File Type                    ; File Name with Absolute Path                                                 ; Library ;
+----------------------------------+-----------------+------------------------------+------------------------------------------------------------------------------+---------+
; define.v                         ; yes             ; User Verilog HDL File        ; C:/Users/inesh/Documents/Singlecore-Hasini/define.v                          ;         ;
; Control_Unit.v                   ; yes             ; User Verilog HDL File        ; C:/Users/inesh/Documents/Singlecore-Hasini/Control_Unit.v                    ;         ;
; altsyncram.tdf                   ; yes             ; Megafunction                 ; c:/intelfpga_lite/20.1/quartus/libraries/megafunctions/altsyncram.tdf        ;         ;
; stratix_ram_block.inc            ; yes             ; Megafunction                 ; c:/intelfpga_lite/20.1/quartus/libraries/megafunctions/stratix_ram_block.inc ;         ;
; lpm_mux.inc                      ; yes             ; Megafunction                 ; c:/intelfpga_lite/20.1/quartus/libraries/megafunctions/lpm_mux.inc           ;         ;
; lpm_decode.inc                   ; yes             ; Megafunction                 ; c:/intelfpga_lite/20.1/quartus/libraries/megafunctions/lpm_decode.inc        ;         ;
; aglobal201.inc                   ; yes             ; Megafunction                 ; c:/intelfpga_lite/20.1/quartus/libraries/megafunctions/aglobal201.inc        ;         ;
; a_rdenreg.inc                    ; yes             ; Megafunction                 ; c:/intelfpga_lite/20.1/quartus/libraries/megafunctions/a_rdenreg.inc         ;         ;
; altrom.inc                       ; yes             ; Megafunction                 ; c:/intelfpga_lite/20.1/quartus/libraries/megafunctions/altrom.inc            ;         ;
; altram.inc                       ; yes             ; Megafunction                 ; c:/intelfpga_lite/20.1/quartus/libraries/megafunctions/altram.inc            ;         ;
; altdpram.inc                     ; yes             ; Megafunction                 ; c:/intelfpga_lite/20.1/quartus/libraries/megafunctions/altdpram.inc          ;         ;
; db/altsyncram_l511.tdf           ; yes             ; Auto-Generated Megafunction  ; C:/Users/inesh/Documents/Singlecore-Hasini/db/altsyncram_l511.tdf            ;         ;
+----------------------------------+-----------------+------------------------------+------------------------------------------------------------------------------+---------+


+-----------------------------------------------------------+
; Analysis & Synthesis Resource Usage Summary               ;
+---------------------------------------------+-------------+
; Resource                                    ; Usage       ;
+---------------------------------------------+-------------+
; Estimated Total logic elements              ; 124         ;
;                                             ;             ;
; Total combinational functions               ; 118         ;
; Logic element usage by number of LUT inputs ;             ;
;     -- 4 input functions                    ; 86          ;
;     -- 3 input functions                    ; 21          ;
;     -- <=2 input functions                  ; 11          ;
;                                             ;             ;
; Logic elements by mode                      ;             ;
;     -- normal mode                          ; 118         ;
;     -- arithmetic mode                      ; 0           ;
;                                             ;             ;
; Total registers                             ; 32          ;
;     -- Dedicated logic registers            ; 32          ;
;     -- I/O registers                        ; 0           ;
;                                             ;             ;
; I/O pins                                    ; 69          ;
; Total memory bits                           ; 5120        ;
;                                             ;             ;
; Embedded Multiplier 9-bit elements          ; 0           ;
;                                             ;             ;
; Maximum fan-out node                        ; NXTSTATE[4] ;
; Maximum fan-out                             ; 60          ;
; Total fan-out                               ; 787         ;
; Average fan-out                             ; 2.56        ;
+---------------------------------------------+-------------+


+-----------------------------------------------------------------------------------------------------------------------------------------------------------------------------------------------------------------------------------------------------------------------------+
; Analysis & Synthesis Resource Utilization by Entity                                                                                                                                                                                                                         ;
+----------------------------------------+---------------------+---------------------------+-------------+--------------+---------+-----------+------+--------------+------------------------------------------------------------------------+-----------------+--------------+
; Compilation Hierarchy Node             ; Combinational ALUTs ; Dedicated Logic Registers ; Memory Bits ; DSP Elements ; DSP 9x9 ; DSP 18x18 ; Pins ; Virtual Pins ; Full Hierarchy Name                                                    ; Entity Name     ; Library Name ;
+----------------------------------------+---------------------+---------------------------+-------------+--------------+---------+-----------+------+--------------+------------------------------------------------------------------------+-----------------+--------------+
; |Control_Unit                          ; 118 (118)           ; 32 (32)                   ; 5120        ; 0            ; 0       ; 0         ; 69   ; 0            ; |Control_Unit                                                          ; Control_Unit    ; work         ;
;    |altsyncram:WideOr11_rtl_0|         ; 0 (0)               ; 0 (0)                     ; 5120        ; 0            ; 0       ; 0         ; 0    ; 0            ; |Control_Unit|altsyncram:WideOr11_rtl_0                                ; altsyncram      ; work         ;
;       |altsyncram_l511:auto_generated| ; 0 (0)               ; 0 (0)                     ; 5120        ; 0            ; 0       ; 0         ; 0    ; 0            ; |Control_Unit|altsyncram:WideOr11_rtl_0|altsyncram_l511:auto_generated ; altsyncram_l511 ; work         ;
+----------------------------------------+---------------------+---------------------------+-------------+--------------+---------+-----------+------+--------------+------------------------------------------------------------------------+-----------------+--------------+
Note: For table entries with two numbers listed, the numbers in parentheses indicate the number of resources of the given type used by the specific entity alone. The numbers listed outside of parentheses indicate the total resources of the given type used by the specific entity and all of its sub-entities in the hierarchy.


+------------------------------------------------------------------------------------------------------------------------------------------------------------------------------------------------+
; Analysis & Synthesis RAM Summary                                                                                                                                                               ;
+---------------------------------------------------------------------+------+------+--------------+--------------+--------------+--------------+------+-----------------------------------------+
; Name                                                                ; Type ; Mode ; Port A Depth ; Port A Width ; Port B Depth ; Port B Width ; Size ; MIF                                     ;
+---------------------------------------------------------------------+------+------+--------------+--------------+--------------+--------------+------+-----------------------------------------+
; altsyncram:WideOr11_rtl_0|altsyncram_l511:auto_generated|ALTSYNCRAM ; AUTO ; ROM  ; 256          ; 20           ; --           ; --           ; 5120 ; Singlecore-hasini.Control_Unit0.rtl.mif ;
+---------------------------------------------------------------------+------+------+--------------+--------------+--------------+--------------+------+-----------------------------------------+


+---------------------------------------------------------------------------------+
; Registers Removed During Synthesis                                              ;
+----------------------------------------+----------------------------------------+
; Register name                          ; Reason for Removal                     ;
+----------------------------------------+----------------------------------------+
; WRT_en[2]~reg0                         ; Stuck at GND due to stuck port data_in ;
; WRT_en[8]~reg0                         ; Stuck at GND due to stuck port data_in ;
; RST_en[0]~reg0                         ; Stuck at GND due to stuck port data_in ;
; RST_en[1]~reg0                         ; Stuck at GND due to stuck port data_in ;
; INC_en[1]~reg0                         ; Stuck at GND due to stuck port data_in ;
; INC_en[6]~reg0                         ; Stuck at GND due to stuck port data_in ;
; INC_en[7]~reg0                         ; Stuck at GND due to stuck port data_in ;
; INC_en[9]~reg0                         ; Stuck at GND due to stuck port data_in ;
; INC_en[10]~reg0                        ; Stuck at GND due to stuck port data_in ;
; INC_en[11]~reg0                        ; Stuck at GND due to stuck port data_in ;
; INC_en[12]~reg0                        ; Stuck at GND due to stuck port data_in ;
; MEMCtrl[3]~reg0                        ; Stuck at GND due to stuck port data_in ;
; Total Number of Removed Registers = 12 ;                                        ;
+----------------------------------------+----------------------------------------+


+------------------------------------------------------+
; General Register Statistics                          ;
+----------------------------------------------+-------+
; Statistic                                    ; Value ;
+----------------------------------------------+-------+
; Total registers                              ; 32    ;
; Number of registers using Synchronous Clear  ; 0     ;
; Number of registers using Synchronous Load   ; 1     ;
; Number of registers using Asynchronous Clear ; 0     ;
; Number of registers using Asynchronous Load  ; 0     ;
; Number of registers using Clock Enable       ; 0     ;
; Number of registers using Preset             ; 0     ;
+----------------------------------------------+-------+


+--------------------------------------------------+
; Inverted Register Statistics                     ;
+----------------------------------------+---------+
; Inverted Register                      ; Fan out ;
+----------------------------------------+---------+
; NXTSTATE[2]                            ; 41      ;
; Total number of inverted registers = 1 ;         ;
+----------------------------------------+---------+


+----------------------------------------------+
; Registers Packed Into Inferred Megafunctions ;
+--------------------+----------------+--------+
; Register Name      ; Megafunction   ; Type   ;
+--------------------+----------------+--------+
; WRT_en[0]~reg0     ; WideOr11_rtl_0 ; ROM    ;
; WRT_en[11]~reg0    ; WideOr11_rtl_0 ; ROM    ;
; WRT_en[12]~reg0    ; WideOr11_rtl_0 ; ROM    ;
; WRT_en[13]~reg0    ; WideOr11_rtl_0 ; ROM    ;
; RST_en[2]~reg0     ; WideOr11_rtl_0 ; ROM    ;
; RST_en[3]~reg0     ; WideOr11_rtl_0 ; ROM    ;
; RST_en[4]~reg0     ; WideOr11_rtl_0 ; ROM    ;
; RST_en[12]~reg0    ; WideOr11_rtl_0 ; ROM    ;
; RST_en[13]~reg0    ; WideOr11_rtl_0 ; ROM    ;
; MEMCtrl[0]~reg0    ; WideOr11_rtl_0 ; ROM    ;
; MEMCtrl[2]~reg0    ; WideOr11_rtl_0 ; ROM    ;
; PCtrl[0]~reg0      ; WideOr11_rtl_0 ; ROM    ;
; PCtrl[1]~reg0      ; WideOr11_rtl_0 ; ROM    ;
; Bus_Select[0]~reg0 ; WideOr11_rtl_0 ; ROM    ;
; Bus_Select[1]~reg0 ; WideOr11_rtl_0 ; ROM    ;
; Bus_Select[2]~reg0 ; WideOr11_rtl_0 ; ROM    ;
; Bus_Select[3]~reg0 ; WideOr11_rtl_0 ; ROM    ;
; ALU_OP[0]~reg0     ; WideOr11_rtl_0 ; ROM    ;
; ALU_OP[1]~reg0     ; WideOr11_rtl_0 ; ROM    ;
; RST_en[8]~reg0     ; WideOr11_rtl_0 ; ROM    ;
+--------------------+----------------+--------+


+---------------------------------------------------------------------------------+
; Source assignments for altsyncram:WideOr11_rtl_0|altsyncram_l511:auto_generated ;
+---------------------------------+--------------------+------+-------------------+
; Assignment                      ; Value              ; From ; To                ;
+---------------------------------+--------------------+------+-------------------+
; OPTIMIZE_POWER_DURING_SYNTHESIS ; NORMAL_COMPILATION ; -    ; -                 ;
+---------------------------------+--------------------+------+-------------------+


+-----------------------------------------------------------------------------------------------+
; Parameter Settings for Inferred Entity Instance: altsyncram:WideOr11_rtl_0                    ;
+------------------------------------+-----------------------------------------+----------------+
; Parameter Name                     ; Value                                   ; Type           ;
+------------------------------------+-----------------------------------------+----------------+
; BYTE_SIZE_BLOCK                    ; 8                                       ; Untyped        ;
; AUTO_CARRY_CHAINS                  ; ON                                      ; AUTO_CARRY     ;
; IGNORE_CARRY_BUFFERS               ; OFF                                     ; IGNORE_CARRY   ;
; AUTO_CASCADE_CHAINS                ; ON                                      ; AUTO_CASCADE   ;
; IGNORE_CASCADE_BUFFERS             ; OFF                                     ; IGNORE_CASCADE ;
; WIDTH_BYTEENA                      ; 1                                       ; Untyped        ;
; OPERATION_MODE                     ; ROM                                     ; Untyped        ;
; WIDTH_A                            ; 20                                      ; Untyped        ;
; WIDTHAD_A                          ; 8                                       ; Untyped        ;
; NUMWORDS_A                         ; 256                                     ; Untyped        ;
; OUTDATA_REG_A                      ; UNREGISTERED                            ; Untyped        ;
; ADDRESS_ACLR_A                     ; NONE                                    ; Untyped        ;
; OUTDATA_ACLR_A                     ; NONE                                    ; Untyped        ;
; WRCONTROL_ACLR_A                   ; NONE                                    ; Untyped        ;
; INDATA_ACLR_A                      ; NONE                                    ; Untyped        ;
; BYTEENA_ACLR_A                     ; NONE                                    ; Untyped        ;
; WIDTH_B                            ; 1                                       ; Untyped        ;
; WIDTHAD_B                          ; 1                                       ; Untyped        ;
; NUMWORDS_B                         ; 1                                       ; Untyped        ;
; INDATA_REG_B                       ; CLOCK1                                  ; Untyped        ;
; WRCONTROL_WRADDRESS_REG_B          ; CLOCK1                                  ; Untyped        ;
; RDCONTROL_REG_B                    ; CLOCK1                                  ; Untyped        ;
; ADDRESS_REG_B                      ; CLOCK1                                  ; Untyped        ;
; OUTDATA_REG_B                      ; UNREGISTERED                            ; Untyped        ;
; BYTEENA_REG_B                      ; CLOCK1                                  ; Untyped        ;
; INDATA_ACLR_B                      ; NONE                                    ; Untyped        ;
; WRCONTROL_ACLR_B                   ; NONE                                    ; Untyped        ;
; ADDRESS_ACLR_B                     ; NONE                                    ; Untyped        ;
; OUTDATA_ACLR_B                     ; NONE                                    ; Untyped        ;
; RDCONTROL_ACLR_B                   ; NONE                                    ; Untyped        ;
; BYTEENA_ACLR_B                     ; NONE                                    ; Untyped        ;
; WIDTH_BYTEENA_A                    ; 1                                       ; Untyped        ;
; WIDTH_BYTEENA_B                    ; 1                                       ; Untyped        ;
; RAM_BLOCK_TYPE                     ; AUTO                                    ; Untyped        ;
; BYTE_SIZE                          ; 8                                       ; Untyped        ;
; READ_DURING_WRITE_MODE_MIXED_PORTS ; DONT_CARE                               ; Untyped        ;
; READ_DURING_WRITE_MODE_PORT_A      ; NEW_DATA_NO_NBE_READ                    ; Untyped        ;
; READ_DURING_WRITE_MODE_PORT_B      ; NEW_DATA_NO_NBE_READ                    ; Untyped        ;
; INIT_FILE                          ; Singlecore-hasini.Control_Unit0.rtl.mif ; Untyped        ;
; INIT_FILE_LAYOUT                   ; PORT_A                                  ; Untyped        ;
; MAXIMUM_DEPTH                      ; 0                                       ; Untyped        ;
; CLOCK_ENABLE_INPUT_A               ; NORMAL                                  ; Untyped        ;
; CLOCK_ENABLE_INPUT_B               ; NORMAL                                  ; Untyped        ;
; CLOCK_ENABLE_OUTPUT_A              ; NORMAL                                  ; Untyped        ;
; CLOCK_ENABLE_OUTPUT_B              ; NORMAL                                  ; Untyped        ;
; CLOCK_ENABLE_CORE_A                ; USE_INPUT_CLKEN                         ; Untyped        ;
; CLOCK_ENABLE_CORE_B                ; USE_INPUT_CLKEN                         ; Untyped        ;
; ENABLE_ECC                         ; FALSE                                   ; Untyped        ;
; ECC_PIPELINE_STAGE_ENABLED         ; FALSE                                   ; Untyped        ;
; WIDTH_ECCSTATUS                    ; 3                                       ; Untyped        ;
; DEVICE_FAMILY                      ; Cyclone IV E                            ; Untyped        ;
; CBXI_PARAMETER                     ; altsyncram_l511                         ; Untyped        ;
+------------------------------------+-----------------------------------------+----------------+
Note: In order to hide this table in the UI and the text report file, please set the "Show Parameter Settings in Synthesis Report" option in "Analysis and Synthesis Settings -> More Settings" to "Off".


+-----------------------------------------------------------------------+
; altsyncram Parameter Settings by Entity Instance                      ;
+-------------------------------------------+---------------------------+
; Name                                      ; Value                     ;
+-------------------------------------------+---------------------------+
; Number of entity instances                ; 1                         ;
; Entity Instance                           ; altsyncram:WideOr11_rtl_0 ;
;     -- OPERATION_MODE                     ; ROM                       ;
;     -- WIDTH_A                            ; 20                        ;
;     -- NUMWORDS_A                         ; 256                       ;
;     -- OUTDATA_REG_A                      ; UNREGISTERED              ;
;     -- WIDTH_B                            ; 1                         ;
;     -- NUMWORDS_B                         ; 1                         ;
;     -- ADDRESS_REG_B                      ; CLOCK1                    ;
;     -- OUTDATA_REG_B                      ; UNREGISTERED              ;
;     -- RAM_BLOCK_TYPE                     ; AUTO                      ;
;     -- READ_DURING_WRITE_MODE_MIXED_PORTS ; DONT_CARE                 ;
+-------------------------------------------+---------------------------+


+-----------------------------------------------------+
; Post-Synthesis Netlist Statistics for Top Partition ;
+-----------------------+-----------------------------+
; Type                  ; Count                       ;
+-----------------------+-----------------------------+
; boundary_port         ; 69                          ;
; cycloneiii_ff         ; 32                          ;
;     SLD               ; 1                           ;
;     plain             ; 31                          ;
; cycloneiii_lcell_comb ; 119                         ;
;     normal            ; 119                         ;
;         0 data inputs ; 1                           ;
;         1 data inputs ; 1                           ;
;         2 data inputs ; 10                          ;
;         3 data inputs ; 21                          ;
;         4 data inputs ; 86                          ;
; cycloneiii_ram_block  ; 20                          ;
;                       ;                             ;
; Max LUT depth         ; 5.00                        ;
; Average LUT depth     ; 2.80                        ;
+-----------------------+-----------------------------+


+-------------------------------+
; Elapsed Time Per Partition    ;
+----------------+--------------+
; Partition Name ; Elapsed Time ;
+----------------+--------------+
; Top            ; 00:00:01     ;
+----------------+--------------+


+-------------------------------+
; Analysis & Synthesis Messages ;
+-------------------------------+
Info: *******************************************************************
Info: Running Quartus Prime Analysis & Synthesis
    Info: Version 20.1.1 Build 720 11/11/2020 SJ Lite Edition
    Info: Processing started: Mon Jul 05 14:00:43 2021
Info: Command: quartus_map --read_settings_files=on --write_settings_files=off Singlecore-hasini -c Singlecore-hasini
Warning (18236): Number of processors has not been specified which may cause overloading on shared machines.  Set the global assignment NUM_PARALLEL_PROCESSORS in your QSF to an appropriate value for best performance.
Info (20030): Parallel compilation is enabled and will use 4 of the 4 processors detected
Info (12021): Found 1 design units, including 1 entities, in source file control_unit_tb.v
    Info (12023): Found entity 1: Control_Unit_tb File: C:/Users/inesh/Documents/Singlecore-Hasini/Control_Unit_tb.v Line: 1
Info (12021): Found 1 design units, including 1 entities, in source file char7.v
    Info (12023): Found entity 1: char7 File: C:/Users/inesh/Documents/Singlecore-Hasini/char7.v Line: 1
Info (12021): Found 1 design units, including 1 entities, in source file singlecore.v
    Info (12023): Found entity 1: singlecore File: C:/Users/inesh/Documents/Singlecore-Hasini/singlecore.v Line: 4
Info (12021): Found 1 design units, including 1 entities, in source file module_rp_cp.v
    Info (12023): Found entity 1: Module_RP_CP File: C:/Users/inesh/Documents/Singlecore-Hasini/Module_RP_CP.v Line: 1
Info (12021): Found 1 design units, including 1 entities, in source file module_regf.v
    Info (12023): Found entity 1: Module_RegF File: C:/Users/inesh/Documents/Singlecore-Hasini/Module_RegF.v Line: 1
Info (12021): Found 1 design units, including 1 entities, in source file module_reg.v
    Info (12023): Found entity 1: Module_Reg File: C:/Users/inesh/Documents/Singlecore-Hasini/Module_Reg.v Line: 1
Info (12021): Found 0 design units, including 0 entities, in source file define.v
Info (12021): Found 1 design units, including 1 entities, in source file core.v
    Info (12023): Found entity 1: core File: C:/Users/inesh/Documents/Singlecore-Hasini/core.v Line: 4
Info (12021): Found 1 design units, including 1 entities, in source file control_unit.v
    Info (12023): Found entity 1: Control_Unit File: C:/Users/inesh/Documents/Singlecore-Hasini/Control_Unit.v Line: 3
Info (12021): Found 1 design units, including 1 entities, in source file clkdiv.v
    Info (12023): Found entity 1: clkdiv File: C:/Users/inesh/Documents/Singlecore-Hasini/clkdiv.v Line: 1
Info (12021): Found 1 design units, including 1 entities, in source file alu.v
    Info (12023): Found entity 1: ALU File: C:/Users/inesh/Documents/Singlecore-Hasini/ALU.v Line: 4
Info (12021): Found 1 design units, including 1 entities, in source file iram.v
    Info (12023): Found entity 1: IRAM File: C:/Users/inesh/Documents/Singlecore-Hasini/IRAM.v Line: 40
Info (12021): Found 1 design units, including 1 entities, in source file dram.v
    Info (12023): Found entity 1: DRAM File: C:/Users/inesh/Documents/Singlecore-Hasini/DRAM.v Line: 40
Info (12021): Found 1 design units, including 1 entities, in source file singlecore_tb.v
    Info (12023): Found entity 1: singlecore_tb File: C:/Users/inesh/Documents/Singlecore-Hasini/singlecore_tb.v Line: 3
Info (12021): Found 1 design units, including 1 entities, in source file bus_mux.v
    Info (12023): Found entity 1: BUS_MUX File: C:/Users/inesh/Documents/Singlecore-Hasini/BUS_MUX.v Line: 40
Info (12021): Found 1 design units, including 1 entities, in source file pointer_mux.v
    Info (12023): Found entity 1: Pointer_MUX File: C:/Users/inesh/Documents/Singlecore-Hasini/Pointer_MUX.v Line: 40
Info (12021): Found 1 design units, including 1 entities, in source file module_rp_cp_tb.v
    Info (12023): Found entity 1: Module_RP_CP_tb File: C:/Users/inesh/Documents/Singlecore-Hasini/Module_RP_CP_tb.v Line: 1
Info (12021): Found 1 design units, including 1 entities, in source file module_reg_tb.v
    Info (12023): Found entity 1: Module_Reg_tb File: C:/Users/inesh/Documents/Singlecore-Hasini/Module_Reg_tb.v Line: 1
Info (12021): Found 1 design units, including 1 entities, in source file module_regf_tb.v
    Info (12023): Found entity 1: Module_RegF_tb File: C:/Users/inesh/Documents/Singlecore-Hasini/Module_RegF_tb.v Line: 1
Info (12021): Found 1 design units, including 1 entities, in source file alu_tb.v
    Info (12023): Found entity 1: ALU_tb File: C:/Users/inesh/Documents/Singlecore-Hasini/ALU_tb.v Line: 1
Info (12127): Elaborating entity "Control_Unit" for the top level hierarchy
Info (19000): Inferred 1 megafunctions from design logic
    Info (276031): Inferred altsyncram megafunction from the following design logic: "WideOr11_rtl_0"
        Info (286033): Parameter OPERATION_MODE set to ROM
        Info (286033): Parameter WIDTH_A set to 20
        Info (286033): Parameter WIDTHAD_A set to 8
        Info (286033): Parameter NUMWORDS_A set to 256
        Info (286033): Parameter OUTDATA_REG_A set to UNREGISTERED
        Info (286033): Parameter RAM_BLOCK_TYPE set to AUTO
        Info (286033): Parameter INIT_FILE set to Singlecore-hasini.Control_Unit0.rtl.mif
Info (12130): Elaborated megafunction instantiation "altsyncram:WideOr11_rtl_0"
Info (12133): Instantiated megafunction "altsyncram:WideOr11_rtl_0" with the following parameter:
    Info (12134): Parameter "OPERATION_MODE" = "ROM"
    Info (12134): Parameter "WIDTH_A" = "20"
    Info (12134): Parameter "WIDTHAD_A" = "8"
    Info (12134): Parameter "NUMWORDS_A" = "256"
    Info (12134): Parameter "OUTDATA_REG_A" = "UNREGISTERED"
    Info (12134): Parameter "RAM_BLOCK_TYPE" = "AUTO"
    Info (12134): Parameter "INIT_FILE" = "Singlecore-hasini.Control_Unit0.rtl.mif"
Info (12021): Found 1 design units, including 1 entities, in source file db/altsyncram_l511.tdf
    Info (12023): Found entity 1: altsyncram_l511 File: C:/Users/inesh/Documents/Singlecore-Hasini/db/altsyncram_l511.tdf Line: 28
Warning (13024): Output pins are stuck at VCC or GND
    Warning (13410): Pin "WRT_en[2]" is stuck at GND File: C:/Users/inesh/Documents/Singlecore-Hasini/Control_Unit.v Line: 21
    Warning (13410): Pin "WRT_en[8]" is stuck at GND File: C:/Users/inesh/Documents/Singlecore-Hasini/Control_Unit.v Line: 21
    Warning (13410): Pin "INC_en[1]" is stuck at GND File: C:/Users/inesh/Documents/Singlecore-Hasini/Control_Unit.v Line: 21
    Warning (13410): Pin "INC_en[6]" is stuck at GND File: C:/Users/inesh/Documents/Singlecore-Hasini/Control_Unit.v Line: 21
    Warning (13410): Pin "INC_en[7]" is stuck at GND File: C:/Users/inesh/Documents/Singlecore-Hasini/Control_Unit.v Line: 21
    Warning (13410): Pin "INC_en[9]" is stuck at GND File: C:/Users/inesh/Documents/Singlecore-Hasini/Control_Unit.v Line: 21
    Warning (13410): Pin "INC_en[10]" is stuck at GND File: C:/Users/inesh/Documents/Singlecore-Hasini/Control_Unit.v Line: 21
    Warning (13410): Pin "INC_en[11]" is stuck at GND File: C:/Users/inesh/Documents/Singlecore-Hasini/Control_Unit.v Line: 21
    Warning (13410): Pin "INC_en[12]" is stuck at GND File: C:/Users/inesh/Documents/Singlecore-Hasini/Control_Unit.v Line: 21
    Warning (13410): Pin "RST_en[0]" is stuck at GND File: C:/Users/inesh/Documents/Singlecore-Hasini/Control_Unit.v Line: 21
    Warning (13410): Pin "RST_en[1]" is stuck at GND File: C:/Users/inesh/Documents/Singlecore-Hasini/Control_Unit.v Line: 21
    Warning (13410): Pin "MEMCtrl[3]" is stuck at GND File: C:/Users/inesh/Documents/Singlecore-Hasini/Control_Unit.v Line: 21
Info (286030): Timing-Driven Synthesis is running
Info (144001): Generated suppressed messages file C:/Users/inesh/Documents/Singlecore-Hasini/output_files/Singlecore-hasini.map.smsg
Info (16010): Generating hard_block partition "hard_block:auto_generated_inst"
    Info (16011): Adding 0 node(s), including 0 DDIO, 0 PLL, 0 transceiver and 0 LCELL
Info (21057): Implemented 215 device resources after synthesis - the final resource count might be different
    Info (21058): Implemented 13 input pins
    Info (21059): Implemented 56 output pins
    Info (21061): Implemented 126 logic cells
    Info (21064): Implemented 20 RAM segments
Info: Quartus Prime Analysis & Synthesis was successful. 0 errors, 15 warnings
    Info: Peak virtual memory: 4768 megabytes
    Info: Processing ended: Mon Jul 05 14:00:56 2021
    Info: Elapsed time: 00:00:13
    Info: Total CPU time (on all processors): 00:00:27


+------------------------------------------+
; Analysis & Synthesis Suppressed Messages ;
+------------------------------------------+
The suppressed messages can be found in C:/Users/inesh/Documents/Singlecore-Hasini/output_files/Singlecore-hasini.map.smsg.


