Analysis & Synthesis report for Modified
Tue Nov 03 00:04:03 2020
Quartus Prime Version 19.1.0 Build 670 09/22/2019 SJ Lite Edition


---------------------
; Table of Contents ;
---------------------
  1. Legal Notice
  2. Analysis & Synthesis Summary
  3. Analysis & Synthesis Settings
  4. Parallel Compilation
  5. Analysis & Synthesis Source Files Read
  6. Analysis & Synthesis Resource Usage Summary
  7. Analysis & Synthesis Resource Utilization by Entity
  8. Analysis & Synthesis IP Cores Summary
  9. General Register Statistics
 10. Parameter Settings for User Entity Instance: Pointer_MUX:P1|lpm_mux:LPM_MUX_component
 11. Port Connectivity Checks: "Pointer_MUX:P1"
 12. Post-Synthesis Netlist Statistics for Top Partition
 13. Elapsed Time Per Partition
 14. Analysis & Synthesis Messages
 15. Analysis & Synthesis Suppressed Messages



----------------
; Legal Notice ;
----------------
Copyright (C) 2019  Intel Corporation. All rights reserved.
Your use of Intel Corporation's design tools, logic functions 
and other software and tools, and any partner logic 
functions, and any output files from any of the foregoing 
(including device programming or simulation files), and any 
associated documentation or information are expressly subject 
to the terms and conditions of the Intel Program License 
Subscription Agreement, the Intel Quartus Prime License Agreement,
the Intel FPGA IP License Agreement, or other applicable license
agreement, including, without limitation, that your use is for
the sole purpose of programming logic devices manufactured by
Intel and sold by Intel or its authorized distributors.  Please
refer to the applicable agreement for further details, at
https://fpgasoftware.intel.com/eula.



+----------------------------------------------------------------------------------+
; Analysis & Synthesis Summary                                                     ;
+------------------------------------+---------------------------------------------+
; Analysis & Synthesis Status        ; Successful - Tue Nov 03 00:04:03 2020       ;
; Quartus Prime Version              ; 19.1.0 Build 670 09/22/2019 SJ Lite Edition ;
; Revision Name                      ; Modified                                    ;
; Top-level Entity Name              ; wrap_P_mux                                  ;
; Family                             ; Cyclone IV E                                ;
; Total logic elements               ; 2                                           ;
;     Total combinational functions  ; 2                                           ;
;     Dedicated logic registers      ; 0                                           ;
; Total registers                    ; 0                                           ;
; Total pins                         ; 9                                           ;
; Total virtual pins                 ; 0                                           ;
; Total memory bits                  ; 0                                           ;
; Embedded Multiplier 9-bit elements ; 0                                           ;
; Total PLLs                         ; 0                                           ;
+------------------------------------+---------------------------------------------+


+------------------------------------------------------------------------------------------------------------+
; Analysis & Synthesis Settings                                                                              ;
+------------------------------------------------------------------+--------------------+--------------------+
; Option                                                           ; Setting            ; Default Value      ;
+------------------------------------------------------------------+--------------------+--------------------+
; Device                                                           ; EP4CE115F29C7      ;                    ;
; Top-level entity name                                            ; wrap_P_mux         ; Modified           ;
; Family name                                                      ; Cyclone IV E       ; Cyclone V          ;
; Use smart compilation                                            ; Off                ; Off                ;
; Enable parallel Assembler and Timing Analyzer during compilation ; On                 ; On                 ;
; Enable compact report table                                      ; Off                ; Off                ;
; Restructure Multiplexers                                         ; Auto               ; Auto               ;
; Create Debugging Nodes for IP Cores                              ; Off                ; Off                ;
; Preserve fewer node names                                        ; On                 ; On                 ;
; Intel FPGA IP Evaluation Mode                                    ; Enable             ; Enable             ;
; Verilog Version                                                  ; Verilog_2001       ; Verilog_2001       ;
; VHDL Version                                                     ; VHDL_1993          ; VHDL_1993          ;
; State Machine Processing                                         ; Auto               ; Auto               ;
; Safe State Machine                                               ; Off                ; Off                ;
; Extract Verilog State Machines                                   ; On                 ; On                 ;
; Extract VHDL State Machines                                      ; On                 ; On                 ;
; Ignore Verilog initial constructs                                ; Off                ; Off                ;
; Iteration limit for constant Verilog loops                       ; 5000               ; 5000               ;
; Iteration limit for non-constant Verilog loops                   ; 250                ; 250                ;
; Add Pass-Through Logic to Inferred RAMs                          ; On                 ; On                 ;
; Infer RAMs from Raw Logic                                        ; On                 ; On                 ;
; Parallel Synthesis                                               ; On                 ; On                 ;
; DSP Block Balancing                                              ; Auto               ; Auto               ;
; NOT Gate Push-Back                                               ; On                 ; On                 ;
; Power-Up Don't Care                                              ; On                 ; On                 ;
; Remove Redundant Logic Cells                                     ; Off                ; Off                ;
; Remove Duplicate Registers                                       ; On                 ; On                 ;
; Ignore CARRY Buffers                                             ; Off                ; Off                ;
; Ignore CASCADE Buffers                                           ; Off                ; Off                ;
; Ignore GLOBAL Buffers                                            ; Off                ; Off                ;
; Ignore ROW GLOBAL Buffers                                        ; Off                ; Off                ;
; Ignore LCELL Buffers                                             ; Off                ; Off                ;
; Ignore SOFT Buffers                                              ; On                 ; On                 ;
; Limit AHDL Integers to 32 Bits                                   ; Off                ; Off                ;
; Optimization Technique                                           ; Balanced           ; Balanced           ;
; Carry Chain Length                                               ; 70                 ; 70                 ;
; Auto Carry Chains                                                ; On                 ; On                 ;
; Auto Open-Drain Pins                                             ; On                 ; On                 ;
; Perform WYSIWYG Primitive Resynthesis                            ; Off                ; Off                ;
; Auto ROM Replacement                                             ; On                 ; On                 ;
; Auto RAM Replacement                                             ; On                 ; On                 ;
; Auto DSP Block Replacement                                       ; On                 ; On                 ;
; Auto Shift Register Replacement                                  ; Auto               ; Auto               ;
; Allow Shift Register Merging across Hierarchies                  ; Auto               ; Auto               ;
; Auto Clock Enable Replacement                                    ; On                 ; On                 ;
; Strict RAM Replacement                                           ; Off                ; Off                ;
; Allow Synchronous Control Signals                                ; On                 ; On                 ;
; Force Use of Synchronous Clear Signals                           ; Off                ; Off                ;
; Auto RAM Block Balancing                                         ; On                 ; On                 ;
; Auto RAM to Logic Cell Conversion                                ; Off                ; Off                ;
; Auto Resource Sharing                                            ; Off                ; Off                ;
; Allow Any RAM Size For Recognition                               ; Off                ; Off                ;
; Allow Any ROM Size For Recognition                               ; Off                ; Off                ;
; Allow Any Shift Register Size For Recognition                    ; Off                ; Off                ;
; Use LogicLock Constraints during Resource Balancing              ; On                 ; On                 ;
; Ignore translate_off and synthesis_off directives                ; Off                ; Off                ;
; Timing-Driven Synthesis                                          ; On                 ; On                 ;
; Report Parameter Settings                                        ; On                 ; On                 ;
; Report Source Assignments                                        ; On                 ; On                 ;
; Report Connectivity Checks                                       ; On                 ; On                 ;
; Ignore Maximum Fan-Out Assignments                               ; Off                ; Off                ;
; Synchronization Register Chain Length                            ; 2                  ; 2                  ;
; Power Optimization During Synthesis                              ; Normal compilation ; Normal compilation ;
; HDL message level                                                ; Level2             ; Level2             ;
; Suppress Register Optimization Related Messages                  ; Off                ; Off                ;
; Number of Removed Registers Reported in Synthesis Report         ; 5000               ; 5000               ;
; Number of Swept Nodes Reported in Synthesis Report               ; 5000               ; 5000               ;
; Number of Inverted Registers Reported in Synthesis Report        ; 100                ; 100                ;
; Clock MUX Protection                                             ; On                 ; On                 ;
; Auto Gated Clock Conversion                                      ; Off                ; Off                ;
; Block Design Naming                                              ; Auto               ; Auto               ;
; SDC constraint protection                                        ; Off                ; Off                ;
; Synthesis Effort                                                 ; Auto               ; Auto               ;
; Shift Register Replacement - Allow Asynchronous Clear Signal     ; On                 ; On                 ;
; Pre-Mapping Resynthesis Optimization                             ; Off                ; Off                ;
; Analysis & Synthesis Message Level                               ; Medium             ; Medium             ;
; Disable Register Merging Across Hierarchies                      ; Auto               ; Auto               ;
; Resource Aware Inference For Block RAM                           ; On                 ; On                 ;
+------------------------------------------------------------------+--------------------+--------------------+


+------------------------------------------+
; Parallel Compilation                     ;
+----------------------------+-------------+
; Processors                 ; Number      ;
+----------------------------+-------------+
; Number detected on machine ; 4           ;
; Maximum allowed            ; 2           ;
;                            ;             ;
; Average used               ; 1.00        ;
; Maximum used               ; 1           ;
;                            ;             ;
; Usage by Processor         ; % Time Used ;
;     Processor 1            ; 100.0%      ;
+----------------------------+-------------+


+------------------------------------------------------------------------------------------------------------------------------------------------------------------------------------------------------+
; Analysis & Synthesis Source Files Read                                                                                                                                                               ;
+----------------------------------+-----------------+------------------------------+--------------------------------------------------------------------------------------------------------+---------+
; File Name with User-Entered Path ; Used in Netlist ; File Type                    ; File Name with Absolute Path                                                                           ; Library ;
+----------------------------------+-----------------+------------------------------+--------------------------------------------------------------------------------------------------------+---------+
; Pointer_MUX.v                    ; yes             ; User Wizard-Generated File   ; C:/Users/dinid/Documents/GitHub/FPGA-processor-design/checkmodules/Pointer mux/Modified/Pointer_MUX.v  ;         ;
; char7.v                          ; yes             ; User Verilog HDL File        ; C:/Users/dinid/Documents/GitHub/FPGA-processor-design/checkmodules/Pointer mux/Modified/char7.v        ;         ;
; wrap_P_mux.v                     ; yes             ; User Verilog HDL File        ; C:/Users/dinid/Documents/GitHub/FPGA-processor-design/checkmodules/Pointer mux/Modified/wrap_P_mux.v   ;         ;
; lpm_mux.tdf                      ; yes             ; Megafunction                 ; d:/quartus/libraries/megafunctions/lpm_mux.tdf                                                         ;         ;
; aglobal191.inc                   ; yes             ; Megafunction                 ; d:/quartus/libraries/megafunctions/aglobal191.inc                                                      ;         ;
; muxlut.inc                       ; yes             ; Megafunction                 ; d:/quartus/libraries/megafunctions/muxlut.inc                                                          ;         ;
; bypassff.inc                     ; yes             ; Megafunction                 ; d:/quartus/libraries/megafunctions/bypassff.inc                                                        ;         ;
; altshift.inc                     ; yes             ; Megafunction                 ; d:/quartus/libraries/megafunctions/altshift.inc                                                        ;         ;
; db/mux_hrc.tdf                   ; yes             ; Auto-Generated Megafunction  ; C:/Users/dinid/Documents/GitHub/FPGA-processor-design/checkmodules/Pointer mux/Modified/db/mux_hrc.tdf ;         ;
+----------------------------------+-----------------+------------------------------+--------------------------------------------------------------------------------------------------------+---------+


+-----------------------------------------------------------+
; Analysis & Synthesis Resource Usage Summary               ;
+---------------------------------------------+-------------+
; Resource                                    ; Usage       ;
+---------------------------------------------+-------------+
; Estimated Total logic elements              ; 2           ;
;                                             ;             ;
; Total combinational functions               ; 2           ;
; Logic element usage by number of LUT inputs ;             ;
;     -- 4 input functions                    ; 0           ;
;     -- 3 input functions                    ; 0           ;
;     -- <=2 input functions                  ; 2           ;
;                                             ;             ;
; Logic elements by mode                      ;             ;
;     -- normal mode                          ; 2           ;
;     -- arithmetic mode                      ; 0           ;
;                                             ;             ;
; Total registers                             ; 0           ;
;     -- Dedicated logic registers            ; 0           ;
;     -- I/O registers                        ; 0           ;
;                                             ;             ;
; I/O pins                                    ; 9           ;
;                                             ;             ;
; Embedded Multiplier 9-bit elements          ; 0           ;
;                                             ;             ;
; Maximum fan-out node                        ; SW[0]~input ;
; Maximum fan-out                             ; 4           ;
; Total fan-out                               ; 18          ;
; Average fan-out                             ; 0.90        ;
+---------------------------------------------+-------------+


+---------------------------------------------------------------------------------------------------------------------------------------------------------------------------------------------------------------+
; Analysis & Synthesis Resource Utilization by Entity                                                                                                                                                           ;
+----------------------------+---------------------+---------------------------+-------------+--------------+---------+-----------+------+--------------+--------------------------+-------------+--------------+
; Compilation Hierarchy Node ; Combinational ALUTs ; Dedicated Logic Registers ; Memory Bits ; DSP Elements ; DSP 9x9 ; DSP 18x18 ; Pins ; Virtual Pins ; Full Hierarchy Name      ; Entity Name ; Library Name ;
+----------------------------+---------------------+---------------------------+-------------+--------------+---------+-----------+------+--------------+--------------------------+-------------+--------------+
; |wrap_P_mux                ; 2 (0)               ; 0 (0)                     ; 0           ; 0            ; 0       ; 0         ; 9    ; 0            ; |wrap_P_mux              ; wrap_P_mux  ; work         ;
;    |char7:char79|          ; 2 (2)               ; 0 (0)                     ; 0           ; 0            ; 0       ; 0         ; 0    ; 0            ; |wrap_P_mux|char7:char79 ; char7       ; work         ;
+----------------------------+---------------------+---------------------------+-------------+--------------+---------+-----------+------+--------------+--------------------------+-------------+--------------+
Note: For table entries with two numbers listed, the numbers in parentheses indicate the number of resources of the given type used by the specific entity alone. The numbers listed outside of parentheses indicate the total resources of the given type used by the specific entity and all of its sub-entities in the hierarchy.


+--------------------------------------------------------------------------------------------------------------+
; Analysis & Synthesis IP Cores Summary                                                                        ;
+--------+--------------+---------+--------------+--------------+----------------------------+-----------------+
; Vendor ; IP Core Name ; Version ; Release Date ; License Type ; Entity Instance            ; IP Include File ;
+--------+--------------+---------+--------------+--------------+----------------------------+-----------------+
; Altera ; LPM_MUX      ; 19.1    ; N/A          ; N/A          ; |wrap_P_mux|Pointer_MUX:P1 ; Pointer_MUX.v   ;
+--------+--------------+---------+--------------+--------------+----------------------------+-----------------+


+------------------------------------------------------+
; General Register Statistics                          ;
+----------------------------------------------+-------+
; Statistic                                    ; Value ;
+----------------------------------------------+-------+
; Total registers                              ; 0     ;
; Number of registers using Synchronous Clear  ; 0     ;
; Number of registers using Synchronous Load   ; 0     ;
; Number of registers using Asynchronous Clear ; 0     ;
; Number of registers using Asynchronous Load  ; 0     ;
; Number of registers using Clock Enable       ; 0     ;
; Number of registers using Preset             ; 0     ;
+----------------------------------------------+-------+


+---------------------------------------------------------------------------------------+
; Parameter Settings for User Entity Instance: Pointer_MUX:P1|lpm_mux:LPM_MUX_component ;
+------------------------+--------------+-----------------------------------------------+
; Parameter Name         ; Value        ; Type                                          ;
+------------------------+--------------+-----------------------------------------------+
; AUTO_CARRY_CHAINS      ; ON           ; AUTO_CARRY                                    ;
; IGNORE_CARRY_BUFFERS   ; OFF          ; IGNORE_CARRY                                  ;
; AUTO_CASCADE_CHAINS    ; ON           ; AUTO_CASCADE                                  ;
; IGNORE_CASCADE_BUFFERS ; OFF          ; IGNORE_CASCADE                                ;
; LPM_WIDTH              ; 8            ; Signed Integer                                ;
; LPM_SIZE               ; 4            ; Signed Integer                                ;
; LPM_WIDTHS             ; 2            ; Signed Integer                                ;
; LPM_PIPELINE           ; 0            ; Untyped                                       ;
; CBXI_PARAMETER         ; mux_hrc      ; Untyped                                       ;
; DEVICE_FAMILY          ; Cyclone IV E ; Untyped                                       ;
+------------------------+--------------+-----------------------------------------------+
Note: In order to hide this table in the UI and the text report file, please set the "Show Parameter Settings in Synthesis Report" option in "Analysis and Synthesis Settings -> More Settings" to "Off".


+------------------------------------------------------------------------------------------------------------------------+
; Port Connectivity Checks: "Pointer_MUX:P1"                                                                             ;
+--------------+--------+----------+-------------------------------------------------------------------------------------+
; Port         ; Type   ; Severity ; Details                                                                             ;
+--------------+--------+----------+-------------------------------------------------------------------------------------+
; data0x[7..1] ; Input  ; Info     ; Stuck at GND                                                                        ;
; data0x[0]    ; Input  ; Info     ; Stuck at VCC                                                                        ;
; data1x[1..0] ; Input  ; Info     ; Stuck at VCC                                                                        ;
; data1x[7..2] ; Input  ; Info     ; Stuck at GND                                                                        ;
; data2x[7..3] ; Input  ; Info     ; Stuck at GND                                                                        ;
; data2x[1..0] ; Input  ; Info     ; Stuck at GND                                                                        ;
; data2x[2]    ; Input  ; Info     ; Stuck at VCC                                                                        ;
; data3x[7..3] ; Input  ; Info     ; Stuck at GND                                                                        ;
; data3x[2]    ; Input  ; Info     ; Stuck at VCC                                                                        ;
; data3x[1]    ; Input  ; Info     ; Stuck at GND                                                                        ;
; data3x[0]    ; Input  ; Info     ; Stuck at VCC                                                                        ;
; result[7..4] ; Output ; Info     ; Connected to dangling logic. Logic that only feeds a dangling port will be removed. ;
+--------------+--------+----------+-------------------------------------------------------------------------------------+


+-----------------------------------------------------+
; Post-Synthesis Netlist Statistics for Top Partition ;
+-----------------------+-----------------------------+
; Type                  ; Count                       ;
+-----------------------+-----------------------------+
; boundary_port         ; 9                           ;
; cycloneiii_lcell_comb ; 8                           ;
;     normal            ; 8                           ;
;         0 data inputs ; 2                           ;
;         1 data inputs ; 4                           ;
;         2 data inputs ; 2                           ;
;                       ;                             ;
; Max LUT depth         ; 2.00                        ;
; Average LUT depth     ; 1.40                        ;
+-----------------------+-----------------------------+


+-------------------------------+
; Elapsed Time Per Partition    ;
+----------------+--------------+
; Partition Name ; Elapsed Time ;
+----------------+--------------+
; Top            ; 00:00:00     ;
+----------------+--------------+


+-------------------------------+
; Analysis & Synthesis Messages ;
+-------------------------------+
Info: *******************************************************************
Info: Running Quartus Prime Analysis & Synthesis
    Info: Version 19.1.0 Build 670 09/22/2019 SJ Lite Edition
    Info: Processing started: Tue Nov 03 00:03:43 2020
Info: Command: quartus_map --read_settings_files=on --write_settings_files=off Modified -c Modified
Warning (18236): Number of processors has not been specified which may cause overloading on shared machines.  Set the global assignment NUM_PARALLEL_PROCESSORS in your QSF to an appropriate value for best performance.
Info (20030): Parallel compilation is enabled and will use 2 of the 2 processors detected
Info (12021): Found 1 design units, including 1 entities, in source file topregisterwrapper.v
    Info (12023): Found entity 1: TopRegisterWrapper File: C:/Users/dinid/Documents/GitHub/FPGA-processor-design/checkmodules/Pointer mux/Modified/TopRegisterWrapper.v Line: 3
Info (12021): Found 1 design units, including 1 entities, in source file processor.v
    Info (12023): Found entity 1: Processor File: C:/Users/dinid/Documents/GitHub/FPGA-processor-design/checkmodules/Pointer mux/Modified/Processor.v Line: 4
Info (12021): Found 1 design units, including 1 entities, in source file module_rp_cp.v
    Info (12023): Found entity 1: Module_RP_CP File: C:/Users/dinid/Documents/GitHub/FPGA-processor-design/checkmodules/Pointer mux/Modified/Module_RP_CP.v Line: 1
Info (12021): Found 1 design units, including 1 entities, in source file module_regf.v
    Info (12023): Found entity 1: Module_RegF File: C:/Users/dinid/Documents/GitHub/FPGA-processor-design/checkmodules/Pointer mux/Modified/Module_RegF.v Line: 1
Info (12021): Found 1 design units, including 1 entities, in source file module_reg.v
    Info (12023): Found entity 1: Module_Reg File: C:/Users/dinid/Documents/GitHub/FPGA-processor-design/checkmodules/Pointer mux/Modified/Module_Reg.v Line: 1
Info (12021): Found 0 design units, including 0 entities, in source file define.v
Info (12021): Found 1 design units, including 1 entities, in source file control_unit.v
    Info (12023): Found entity 1: Control_Unit File: C:/Users/dinid/Documents/GitHub/FPGA-processor-design/checkmodules/Pointer mux/Modified/Control_Unit.v Line: 3
Info (12021): Found 1 design units, including 1 entities, in source file clkdiv.v
    Info (12023): Found entity 1: clkdiv File: C:/Users/dinid/Documents/GitHub/FPGA-processor-design/checkmodules/Pointer mux/Modified/clkdiv.v Line: 1
Info (12021): Found 1 design units, including 1 entities, in source file alu.v
    Info (12023): Found entity 1: ALU File: C:/Users/dinid/Documents/GitHub/FPGA-processor-design/checkmodules/Pointer mux/Modified/ALU.v Line: 4
Info (12021): Found 1 design units, including 1 entities, in source file bus_mux.v
    Info (12023): Found entity 1: BUS_MUX File: C:/Users/dinid/Documents/GitHub/FPGA-processor-design/checkmodules/Pointer mux/Modified/BUS_MUX.v Line: 40
Info (12021): Found 1 design units, including 1 entities, in source file pointer_mux.v
    Info (12023): Found entity 1: Pointer_MUX File: C:/Users/dinid/Documents/GitHub/FPGA-processor-design/checkmodules/Pointer mux/Modified/Pointer_MUX.v Line: 40
Info (12021): Found 1 design units, including 1 entities, in source file iram.v
    Info (12023): Found entity 1: IRAM File: C:/Users/dinid/Documents/GitHub/FPGA-processor-design/checkmodules/Pointer mux/Modified/IRAM.v Line: 40
Info (12021): Found 1 design units, including 1 entities, in source file dram.v
    Info (12023): Found entity 1: DRAM File: C:/Users/dinid/Documents/GitHub/FPGA-processor-design/checkmodules/Pointer mux/Modified/DRAM.v Line: 40
Info (12021): Found 1 design units, including 1 entities, in source file modified.v
    Info (12023): Found entity 1: Modified File: C:/Users/dinid/Documents/GitHub/FPGA-processor-design/checkmodules/Pointer mux/Modified/Modified.v Line: 4
Info (12021): Found 1 design units, including 1 entities, in source file char7.v
    Info (12023): Found entity 1: char7 File: C:/Users/dinid/Documents/GitHub/FPGA-processor-design/checkmodules/Pointer mux/Modified/char7.v Line: 1
Info (12021): Found 1 design units, including 1 entities, in source file wrap_p_mux.v
    Info (12023): Found entity 1: wrap_P_mux File: C:/Users/dinid/Documents/GitHub/FPGA-processor-design/checkmodules/Pointer mux/Modified/wrap_P_mux.v Line: 1
Warning (10236): Verilog HDL Implicit Net warning at Modified.v(51): created implicit net for "PCtrl" File: C:/Users/dinid/Documents/GitHub/FPGA-processor-design/checkmodules/Pointer mux/Modified/Modified.v Line: 51
Info (12127): Elaborating entity "wrap_P_mux" for the top level hierarchy
Info (12128): Elaborating entity "Pointer_MUX" for hierarchy "Pointer_MUX:P1" File: C:/Users/dinid/Documents/GitHub/FPGA-processor-design/checkmodules/Pointer mux/Modified/wrap_P_mux.v Line: 15
Info (12128): Elaborating entity "lpm_mux" for hierarchy "Pointer_MUX:P1|lpm_mux:LPM_MUX_component" File: C:/Users/dinid/Documents/GitHub/FPGA-processor-design/checkmodules/Pointer mux/Modified/Pointer_MUX.v Line: 73
Info (12130): Elaborated megafunction instantiation "Pointer_MUX:P1|lpm_mux:LPM_MUX_component" File: C:/Users/dinid/Documents/GitHub/FPGA-processor-design/checkmodules/Pointer mux/Modified/Pointer_MUX.v Line: 73
Info (12133): Instantiated megafunction "Pointer_MUX:P1|lpm_mux:LPM_MUX_component" with the following parameter: File: C:/Users/dinid/Documents/GitHub/FPGA-processor-design/checkmodules/Pointer mux/Modified/Pointer_MUX.v Line: 73
    Info (12134): Parameter "lpm_size" = "4"
    Info (12134): Parameter "lpm_type" = "LPM_MUX"
    Info (12134): Parameter "lpm_width" = "8"
    Info (12134): Parameter "lpm_widths" = "2"
Info (12021): Found 1 design units, including 1 entities, in source file db/mux_hrc.tdf
    Info (12023): Found entity 1: mux_hrc File: C:/Users/dinid/Documents/GitHub/FPGA-processor-design/checkmodules/Pointer mux/Modified/db/mux_hrc.tdf Line: 23
Info (12128): Elaborating entity "mux_hrc" for hierarchy "Pointer_MUX:P1|lpm_mux:LPM_MUX_component|mux_hrc:auto_generated" File: d:/quartus/libraries/megafunctions/lpm_mux.tdf Line: 87
Info (12128): Elaborating entity "char7" for hierarchy "char7:char79" File: C:/Users/dinid/Documents/GitHub/FPGA-processor-design/checkmodules/Pointer mux/Modified/wrap_P_mux.v Line: 17
Warning (13024): Output pins are stuck at VCC or GND
    Warning (13410): Pin "HEX0[2]" is stuck at GND File: C:/Users/dinid/Documents/GitHub/FPGA-processor-design/checkmodules/Pointer mux/Modified/wrap_P_mux.v Line: 3
    Warning (13410): Pin "HEX0[4]" is stuck at VCC File: C:/Users/dinid/Documents/GitHub/FPGA-processor-design/checkmodules/Pointer mux/Modified/wrap_P_mux.v Line: 3
Info (286030): Timing-Driven Synthesis is running
Info (144001): Generated suppressed messages file C:/Users/dinid/Documents/GitHub/FPGA-processor-design/checkmodules/Pointer mux/Modified/output_files/Modified.map.smsg
Info (16010): Generating hard_block partition "hard_block:auto_generated_inst"
    Info (16011): Adding 0 node(s), including 0 DDIO, 0 PLL, 0 transceiver and 0 LCELL
Info (21057): Implemented 11 device resources after synthesis - the final resource count might be different
    Info (21058): Implemented 2 input pins
    Info (21059): Implemented 7 output pins
    Info (21061): Implemented 2 logic cells
Info: Quartus Prime Analysis & Synthesis was successful. 0 errors, 5 warnings
    Info: Peak virtual memory: 4759 megabytes
    Info: Processing ended: Tue Nov 03 00:04:03 2020
    Info: Elapsed time: 00:00:20
    Info: Total CPU time (on all processors): 00:00:42


+------------------------------------------+
; Analysis & Synthesis Suppressed Messages ;
+------------------------------------------+
The suppressed messages can be found in C:/Users/dinid/Documents/GitHub/FPGA-processor-design/checkmodules/Pointer mux/Modified/output_files/Modified.map.smsg.


